#
# There is insufficient memory for the Java Runtime Environment to continue.
# Native memory allocation (malloc) failed to allocate 1726096 bytes for Chunk::new
# Possible reasons:
#   The system is out of physical RAM or swap space
#   In 32 bit mode, the process size limit was hit
# Possible solutions:
#   Reduce memory load on the system
#   Increase physical memory or swap space
#   Check if swap backing store is full
#   Use 64 bit Java on a 64 bit OS
#   Decrease Java heap size (-Xmx/-Xms)
#   Decrease number of Java threads
#   Decrease Java thread stack sizes (-Xss)
#   Set larger code cache with -XX:ReservedCodeCacheSize=
# This output file may be truncated or incomplete.
#
#  Out of Memory Error (allocation.cpp:390), pid=47320, tid=47716
#
# JRE version: Java(TM) SE Runtime Environment (8.0_66-b18) (build 1.8.0_66-b18)
# Java VM: Java HotSpot(TM) 64-Bit Server VM (25.66-b18 mixed mode windows-amd64 compressed oops)
# Failed to write core dump. Minidumps are not enabled by default on client versions of Windows
#

---------------  T H R E A D  ---------------

Current thread (0x000000001764b800):  JavaThread "C2 CompilerThread0" daemon [_thread_in_native, id=47716, stack(0x0000000018c40000,0x0000000018d40000)]

Stack: [0x0000000018c40000,0x0000000018d40000]
[error occurred during error reporting (printing stack bounds), id 0xc0000005]

Native frames: (J=compiled Java code, j=interpreted, Vv=VM code, C=native code)


Current CompileTask:
C2:   5821 3090       4       java.net.URLClassLoader$1::run (5 bytes)


---------------  P R O C E S S  ---------------

Java Threads: ( => current thread )
  0x0000000018dc2000 JavaThread "Service Thread" daemon [_thread_blocked, id=47264, stack(0x0000000019340000,0x0000000019440000)]
  0x0000000018d68000 JavaThread "C1 CompilerThread2" daemon [_thread_blocked, id=47932, stack(0x0000000019240000,0x0000000019340000)]
  0x0000000018d41000 JavaThread "C2 CompilerThread1" daemon [_thread_in_native, id=47936, stack(0x0000000019140000,0x0000000019240000)]
=>0x000000001764b800 JavaThread "C2 CompilerThread0" daemon [_thread_in_native, id=47716, stack(0x0000000018c40000,0x0000000018d40000)]
  0x0000000017649800 JavaThread "Attach Listener" daemon [_thread_blocked, id=47712, stack(0x0000000018b40000,0x0000000018c40000)]
  0x00000000175fe800 JavaThread "Signal Dispatcher" daemon [_thread_blocked, id=45360, stack(0x0000000018a40000,0x0000000018b40000)]
  0x0000000002aa7000 JavaThread "Finalizer" daemon [_thread_blocked, id=47516, stack(0x0000000018840000,0x0000000018940000)]
  0x0000000002a9e800 JavaThread "Reference Handler" daemon [_thread_blocked, id=47224, stack(0x0000000018740000,0x0000000018840000)]
  0x00000000029b0800 JavaThread "main" [_thread_in_vm, id=47588, stack(0x00000000028b0000,0x00000000029b0000)]

Other Threads:
  0x00000000175b6800 VMThread [stack: 0x0000000018640000,0x0000000018740000] [id=47412]
  0x0000000018e00800 WatcherThread [stack: 0x0000000019440000,0x0000000019540000] [id=47840]

VM state:not at safepoint (normal execution)

VM Mutex/Monitor currently owned by a thread: None

Heap:
 PSYoungGen      total 38400K, used 34175K [0x00000000d5e00000, 0x00000000d8880000, 0x0000000100000000)
  eden space 33280K, 87% used [0x00000000d5e00000,0x00000000d7a61d00,0x00000000d7e80000)
  from space 5120K, 99% used [0x00000000d7e80000,0x00000000d837e030,0x00000000d8380000)
  to   space 5120K, 0% used [0x00000000d8380000,0x00000000d8380000,0x00000000d8880000)
 ParOldGen       total 87552K, used 9855K [0x0000000081a00000, 0x0000000086f80000, 0x00000000d5e00000)
  object space 87552K, 11% used [0x0000000081a00000,0x000000008239fd38,0x0000000086f80000)
 Metaspace       used 16127K, capacity 16628K, committed 16896K, reserved 1064960K
  class space    used 1880K, capacity 2036K, committed 2048K, reserved 1048576K

Card table byte_map: [0x0000000011e70000,0x0000000012270000] byte_map_base: 0x0000000011a63000

Marking Bits: (ParMarkBitMap*) 0x000000006762a5b0
 Begin Bits: [0x0000000012920000, 0x00000000148b8000)
 End Bits:   [0x00000000148b8000, 0x0000000016850000)

Polling page: 0x0000000000de0000

CodeCache: size=245760Kb used=10948Kb max_used=10948Kb free=234811Kb
 bounds [0x0000000002ab0000, 0x0000000003570000, 0x0000000011ab0000]
 total_blobs=3442 nmethods=3108 adapters=246
 compilation: enabled

Compilation events (10 events):
Event: 5.735 Thread 0x0000000018d68000 3109       3       java.lang.reflect.Executable::sharedGetParameterAnnotations (39 bytes)
Event: 5.735 Thread 0x0000000018d68000 nmethod 3109 0x0000000003564410 code [0x0000000003564620, 0x0000000003564f08]
Event: 5.735 Thread 0x0000000018d68000 3111       3       com.google.inject.TypeLiteral::getParameterTypes (135 bytes)
Event: 5.738 Thread 0x0000000018d68000 nmethod 3111 0x0000000003565490 code [0x0000000003565920, 0x0000000003568b38]
Event: 5.746 Thread 0x0000000018d68000 3113       1       java.security.PermissionCollection::isReadOnly (5 bytes)
Event: 5.747 Thread 0x0000000018d68000 nmethod 3113 0x0000000003546310 code [0x0000000003546460, 0x0000000003546570]
Event: 5.804 Thread 0x0000000018d68000 3114       3       org.eclipse.sisu.space.asm.Item::<init> (66 bytes)
Event: 5.805 Thread 0x0000000018d68000 nmethod 3114 0x000000000356a4d0 code [0x000000000356a640, 0x000000000356a870]
Event: 5.805 Thread 0x0000000018d68000 3115       3       org.eclipse.sisu.space.asm.ClassWriter::put (152 bytes)
Event: 5.805 Thread 0x0000000018d68000 nmethod 3115 0x000000000356a950 code [0x000000000356ab20, 0x000000000356b250]

GC Heap History (10 events):
Event: 0.945 GC heap before
{Heap before GC invocations=1 (full 0):
 PSYoungGen      total 38400K, used 33280K [0x00000000d5e00000, 0x00000000d8880000, 0x0000000100000000)
  eden space 33280K, 100% used [0x00000000d5e00000,0x00000000d7e80000,0x00000000d7e80000)
  from space 5120K, 0% used [0x00000000d8380000,0x00000000d8380000,0x00000000d8880000)
  to   space 5120K, 0% used [0x00000000d7e80000,0x00000000d7e80000,0x00000000d8380000)
 ParOldGen       total 87552K, used 0K [0x0000000081a00000, 0x0000000086f80000, 0x00000000d5e00000)
  object space 87552K, 0% used [0x0000000081a00000,0x0000000081a00000,0x0000000086f80000)
 Metaspace       used 7432K, capacity 7592K, committed 7680K, reserved 1056768K
  class space    used 920K, capacity 956K, committed 1024K, reserved 1048576K
Event: 0.949 GC heap after
Heap after GC invocations=1 (full 0):
 PSYoungGen      total 38400K, used 4437K [0x00000000d5e00000, 0x00000000d8880000, 0x0000000100000000)
  eden space 33280K, 0% used [0x00000000d5e00000,0x00000000d5e00000,0x00000000d7e80000)
  from space 5120K, 86% used [0x00000000d7e80000,0x00000000d82d5758,0x00000000d8380000)
  to   space 5120K, 0% used [0x00000000d8380000,0x00000000d8380000,0x00000000d8880000)
 ParOldGen       total 87552K, used 16K [0x0000000081a00000, 0x0000000086f80000, 0x00000000d5e00000)
  object space 87552K, 0% used [0x0000000081a00000,0x0000000081a04000,0x0000000086f80000)
 Metaspace       used 7432K, capacity 7592K, committed 7680K, reserved 1056768K
  class space    used 920K, capacity 956K, committed 1024K, reserved 1048576K
}
Event: 1.601 GC heap before
{Heap before GC invocations=2 (full 0):
 PSYoungGen      total 38400K, used 37717K [0x00000000d5e00000, 0x00000000d8880000, 0x0000000100000000)
  eden space 33280K, 100% used [0x00000000d5e00000,0x00000000d7e80000,0x00000000d7e80000)
  from space 5120K, 86% used [0x00000000d7e80000,0x00000000d82d5758,0x00000000d8380000)
  to   space 5120K, 0% used [0x00000000d8380000,0x00000000d8380000,0x00000000d8880000)
 ParOldGen       total 87552K, used 16K [0x0000000081a00000, 0x0000000086f80000, 0x00000000d5e00000)
  object space 87552K, 0% used [0x0000000081a00000,0x0000000081a04000,0x0000000086f80000)
 Metaspace       used 11647K, capacity 11866K, committed 12160K, reserved 1060864K
  class space    used 1465K, capacity 1545K, committed 1664K, reserved 1048576K
Event: 1.608 GC heap after
Heap after GC invocations=2 (full 0):
 PSYoungGen      total 38400K, used 5104K [0x00000000d5e00000, 0x00000000d8880000, 0x0000000100000000)
  eden space 33280K, 0% used [0x00000000d5e00000,0x00000000d5e00000,0x00000000d7e80000)
  from space 5120K, 99% used [0x00000000d8380000,0x00000000d887c1d0,0x00000000d8880000)
  to   space 5120K, 0% used [0x00000000d7e80000,0x00000000d7e80000,0x00000000d8380000)
 ParOldGen       total 87552K, used 2233K [0x0000000081a00000, 0x0000000086f80000, 0x00000000d5e00000)
  object space 87552K, 2% used [0x0000000081a00000,0x0000000081c2e550,0x0000000086f80000)
 Metaspace       used 11647K, capacity 11866K, committed 12160K, reserved 1060864K
  class space    used 1465K, capacity 1545K, committed 1664K, reserved 1048576K
}
Event: 2.499 GC heap before
{Heap before GC invocations=3 (full 0):
 PSYoungGen      total 38400K, used 38384K [0x00000000d5e00000, 0x00000000d8880000, 0x0000000100000000)
  eden space 33280K, 100% used [0x00000000d5e00000,0x00000000d7e80000,0x00000000d7e80000)
  from space 5120K, 99% used [0x00000000d8380000,0x00000000d887c1d0,0x00000000d8880000)
  to   space 5120K, 0% used [0x00000000d7e80000,0x00000000d7e80000,0x00000000d8380000)
 ParOldGen       total 87552K, used 2233K [0x0000000081a00000, 0x0000000086f80000, 0x00000000d5e00000)
  object space 87552K, 2% used [0x0000000081a00000,0x0000000081c2e550,0x0000000086f80000)
 Metaspace       used 13683K, capacity 13988K, committed 14080K, reserved 1060864K
  class space    used 1665K, capacity 1776K, committed 1792K, reserved 1048576K
Event: 2.522 GC heap after
Heap after GC invocations=3 (full 0):
 PSYoungGen      total 38400K, used 5096K [0x00000000d5e00000, 0x00000000d8880000, 0x0000000100000000)
  eden space 33280K, 0% used [0x00000000d5e00000,0x00000000d5e00000,0x00000000d7e80000)
  from space 5120K, 99% used [0x00000000d7e80000,0x00000000d837a040,0x00000000d8380000)
  to   space 5120K, 0% used [0x00000000d8380000,0x00000000d8380000,0x00000000d8880000)
 ParOldGen       total 87552K, used 4887K [0x0000000081a00000, 0x0000000086f80000, 0x00000000d5e00000)
  object space 87552K, 5% used [0x0000000081a00000,0x0000000081ec5df8,0x0000000086f80000)
 Metaspace       used 13683K, capacity 13988K, committed 14080K, reserved 1060864K
  class space    used 1665K, capacity 1776K, committed 1792K, reserved 1048576K
}
Event: 3.887 GC heap before
{Heap before GC invocations=4 (full 0):
 PSYoungGen      total 38400K, used 38376K [0x00000000d5e00000, 0x00000000d8880000, 0x0000000100000000)
  eden space 33280K, 100% used [0x00000000d5e00000,0x00000000d7e80000,0x00000000d7e80000)
  from space 5120K, 99% used [0x00000000d7e80000,0x00000000d837a040,0x00000000d8380000)
  to   space 5120K, 0% used [0x00000000d8380000,0x00000000d8380000,0x00000000d8880000)
 ParOldGen       total 87552K, used 4887K [0x0000000081a00000, 0x0000000086f80000, 0x00000000d5e00000)
  object space 87552K, 5% used [0x0000000081a00000,0x0000000081ec5df8,0x0000000086f80000)
 Metaspace       used 14114K, capacity 14378K, committed 14592K, reserved 1062912K
  class space    used 1683K, capacity 1777K, committed 1792K, reserved 1048576K
Event: 3.962 GC heap after
Heap after GC invocations=4 (full 0):
 PSYoungGen      total 38400K, used 5112K [0x00000000d5e00000, 0x00000000d8880000, 0x0000000100000000)
  eden space 33280K, 0% used [0x00000000d5e00000,0x00000000d5e00000,0x00000000d7e80000)
  from space 5120K, 99% used [0x00000000d8380000,0x00000000d887e010,0x00000000d8880000)
  to   space 5120K, 0% used [0x00000000d7e80000,0x00000000d7e80000,0x00000000d8380000)
 ParOldGen       total 87552K, used 7395K [0x0000000081a00000, 0x0000000086f80000, 0x00000000d5e00000)
  object space 87552K, 8% used [0x0000000081a00000,0x0000000082138c48,0x0000000086f80000)
 Metaspace       used 14114K, capacity 14378K, committed 14592K, reserved 1062912K
  class space    used 1683K, capacity 1777K, committed 1792K, reserved 1048576K
}
Event: 4.936 GC heap before
{Heap before GC invocations=5 (full 0):
 PSYoungGen      total 38400K, used 38392K [0x00000000d5e00000, 0x00000000d8880000, 0x0000000100000000)
  eden space 33280K, 100% used [0x00000000d5e00000,0x00000000d7e80000,0x00000000d7e80000)
  from space 5120K, 99% used [0x00000000d8380000,0x00000000d887e010,0x00000000d8880000)
  to   space 5120K, 0% used [0x00000000d7e80000,0x00000000d7e80000,0x00000000d8380000)
 ParOldGen       total 87552K, used 7395K [0x0000000081a00000, 0x0000000086f80000, 0x00000000d5e00000)
  object space 87552K, 8% used [0x0000000081a00000,0x0000000082138c48,0x0000000086f80000)
 Metaspace       used 15013K, capacity 15316K, committed 15488K, reserved 1062912K
  class space    used 1769K, capacity 1852K, committed 1920K, reserved 1048576K
Event: 4.948 GC heap after
Heap after GC invocations=5 (full 0):
 PSYoungGen      total 38400K, used 5112K [0x00000000d5e00000, 0x00000000d8880000, 0x0000000100000000)
  eden space 33280K, 0% used [0x00000000d5e00000,0x00000000d5e00000,0x00000000d7e80000)
  from space 5120K, 99% used [0x00000000d7e80000,0x00000000d837e030,0x00000000d8380000)
  to   space 5120K, 0% used [0x00000000d8380000,0x00000000d8380000,0x00000000d8880000)
 ParOldGen       total 87552K, used 9855K [0x0000000081a00000, 0x0000000086f80000, 0x00000000d5e00000)
  object space 87552K, 11% used [0x0000000081a00000,0x000000008239fd38,0x0000000086f80000)
 Metaspace       used 15013K, capacity 15316K, committed 15488K, reserved 1062912K
  class space    used 1769K, capacity 1852K, committed 1920K, reserved 1048576K
}

Deoptimization events (10 events):
Event: 3.548 Thread 0x00000000029b0800 Uncommon trap: reason=bimorphic action=maybe_recompile pc=0x00000000030f49f0 method=java.util.concurrent.ConcurrentHashMap.get(Ljava/lang/Object;)Ljava/lang/Object; @ 149
Event: 4.341 Thread 0x00000000029b0800 Uncommon trap: reason=bimorphic action=maybe_recompile pc=0x00000000030f49f0 method=java.util.concurrent.ConcurrentHashMap.get(Ljava/lang/Object;)Ljava/lang/Object; @ 149
Event: 4.341 Thread 0x00000000029b0800 Uncommon trap: reason=bimorphic action=maybe_recompile pc=0x00000000030f49f0 method=java.util.concurrent.ConcurrentHashMap.get(Ljava/lang/Object;)Ljava/lang/Object; @ 149
Event: 4.538 Thread 0x00000000029b0800 Uncommon trap: reason=class_check action=maybe_recompile pc=0x00000000032d84fc method=org.eclipse.sisu.plexus.RealmFilter$FilteredItr.hasNext()Z @ 34
Event: 4.539 Thread 0x00000000029b0800 Uncommon trap: reason=class_check action=maybe_recompile pc=0x00000000032d84fc method=org.eclipse.sisu.plexus.RealmFilter$FilteredItr.hasNext()Z @ 34
Event: 4.540 Thread 0x00000000029b0800 Uncommon trap: reason=class_check action=maybe_recompile pc=0x00000000032d84fc method=org.eclipse.sisu.plexus.RealmFilter$FilteredItr.hasNext()Z @ 34
Event: 5.080 Thread 0x00000000029b0800 Uncommon trap: reason=unstable_if action=reinterpret pc=0x0000000003383770 method=sun.net.www.protocol.jar.Handler.parseURL(Ljava/net/URL;Ljava/lang/String;II)V @ 94
Event: 5.124 Thread 0x00000000029b0800 Uncommon trap: reason=class_check action=maybe_recompile pc=0x00000000032d84fc method=org.eclipse.sisu.plexus.RealmFilter$FilteredItr.hasNext()Z @ 34
Event: 5.203 Thread 0x00000000029b0800 Uncommon trap: reason=unstable_if action=reinterpret pc=0x0000000002e2f8b4 method=java.util.concurrent.ConcurrentHashMap.putVal(Ljava/lang/Object;Ljava/lang/Object;Z)Ljava/lang/Object; @ 206
Event: 5.434 Thread 0x00000000029b0800 Uncommon trap: reason=unstable_if action=reinterpret pc=0x000000000345bba4 method=org.codehaus.plexus.classworlds.realm.Entry.matches(Ljava/lang/String;)Z @ 150

Internal exceptions (10 events):
Event: 0.676 Thread 0x00000000029b0800 Exception <a 'java/lang/ArrayIndexOutOfBoundsException'> (0x00000000d6f85d48) thrown at [C:\re\workspace\8-2-build-windows-amd64-cygwin\jdk8u66\5298\hotspot\src\share\vm\runtime\sharedRuntime.cpp, line 605]
Event: 0.914 Thread 0x00000000029b0800 Exception <a 'java/lang/ArrayIndexOutOfBoundsException'> (0x00000000d7dff978) thrown at [C:\re\workspace\8-2-build-windows-amd64-cygwin\jdk8u66\5298\hotspot\src\share\vm\runtime\sharedRuntime.cpp, line 605]
Event: 0.914 Thread 0x00000000029b0800 Exception <a 'java/lang/ArrayIndexOutOfBoundsException'> (0x00000000d7e01320) thrown at [C:\re\workspace\8-2-build-windows-amd64-cygwin\jdk8u66\5298\hotspot\src\share\vm\runtime\sharedRuntime.cpp, line 605]
Event: 0.965 Thread 0x00000000029b0800 Exception <a 'java/lang/ArrayIndexOutOfBoundsException'> (0x00000000d5f3ecf8) thrown at [C:\re\workspace\8-2-build-windows-amd64-cygwin\jdk8u66\5298\hotspot\src\share\vm\runtime\sharedRuntime.cpp, line 605]
Event: 0.979 Thread 0x00000000029b0800 Exception <a 'java/lang/ArrayIndexOutOfBoundsException'> (0x00000000d5f8cd90) thrown at [C:\re\workspace\8-2-build-windows-amd64-cygwin\jdk8u66\5298\hotspot\src\share\vm\runtime\sharedRuntime.cpp, line 605]
Event: 0.979 Thread 0x00000000029b0800 Exception <a 'java/lang/ArrayIndexOutOfBoundsException'> (0x00000000d5f8db98) thrown at [C:\re\workspace\8-2-build-windows-amd64-cygwin\jdk8u66\5298\hotspot\src\share\vm\runtime\sharedRuntime.cpp, line 605]
Event: 2.034 Thread 0x00000000029b0800 Implicit null exception at 0x0000000002e371d5 to 0x0000000002e373a5
Event: 2.034 Thread 0x00000000029b0800 Implicit null exception at 0x0000000002e1396f to 0x0000000002e139d9
Event: 2.081 Thread 0x00000000029b0800 Implicit null exception at 0x0000000003039de4 to 0x000000000303af85
Event: 2.121 Thread 0x00000000029b0800 Implicit null exception at 0x0000000002e07cfb to 0x0000000002e0839d

Events (10 events):
Event: 5.811 loading class org/codehaus/plexus/components/io/resources/PlexusIoFileResourceCollection$__sisu3
Event: 5.811 loading class org/codehaus/plexus/components/io/resources/PlexusIoFileResourceCollection$__sisu3 done
Event: 5.811 loading class org/codehaus/plexus/components/io/resources/PlexusIoFileResourceCollection
Event: 5.811 loading class org/codehaus/plexus/components/io/resources/PlexusIoFileResourceCollection done
Event: 5.811 loading class org/codehaus/plexus/components/io/resources/PlexusIoFileResourceCollection
Event: 5.811 loading class org/codehaus/plexus/components/io/resources/PlexusIoFileResourceCollection done
Event: 5.811 loading class org/codehaus/plexus/components/io/resources/PlexusIOResourceCollectionWithAttributes
Event: 5.811 loading class org/codehaus/plexus/components/io/resources/PlexusIOResourceCollectionWithAttributes done
Event: 5.811 loading class org/codehaus/plexus/components/io/resources/PlexusIOResourceCollectionWithAttributes
Event: 5.811 loading class org/codehaus/plexus/components/io/resources/PlexusIOResourceCollectionWithAttributes done


Dynamic libraries:
0x00007ff7424f0000 - 0x00007ff742527000 	C:\Program Files\Java\jdk1.8.0_66\bin\javaw.exe
0x00007ffdfdd30000 - 0x00007ffdfdef2000 	C:\WINDOWS\SYSTEM32\ntdll.dll
0x00007ffdfbbd0000 - 0x00007ffdfbc7d000 	C:\WINDOWS\system32\KERNEL32.DLL
0x00007ffdfb220000 - 0x00007ffdfb3fd000 	C:\WINDOWS\system32\KERNELBASE.dll
0x00007ffdfbde0000 - 0x00007ffdfbe86000 	C:\WINDOWS\system32\ADVAPI32.dll
0x00007ffdfbb20000 - 0x00007ffdfbbbd000 	C:\WINDOWS\system32\msvcrt.dll
0x00007ffdfbac0000 - 0x00007ffdfbb1b000 	C:\WINDOWS\system32\sechost.dll
0x00007ffdfc3a0000 - 0x00007ffdfc4c6000 	C:\WINDOWS\system32\RPCRT4.dll
0x00007ffdfbe90000 - 0x00007ffdfbfde000 	C:\WINDOWS\system32\USER32.dll
0x00007ffdfb8d0000 - 0x00007ffdfba55000 	C:\WINDOWS\system32\GDI32.dll
0x00007ffdf6930000 - 0x00007ffdf6ba4000 	C:\WINDOWS\WinSxS\amd64_microsoft.windows.common-controls_6595b64144ccf1df_6.0.10240.16384_none_f41f7b285750ef43\COMCTL32.dll
0x00007ffdfdba0000 - 0x00007ffdfdbd6000 	C:\WINDOWS\system32\IMM32.DLL
0x00007ffdfbc80000 - 0x00007ffdfbddc000 	C:\WINDOWS\system32\MSCTF.dll
0x0000000068770000 - 0x0000000068842000 	C:\Program Files\Java\jdk1.8.0_66\jre\bin\msvcr100.dll
0x0000000066e20000 - 0x00000000676a9000 	C:\Program Files\Java\jdk1.8.0_66\jre\bin\server\jvm.dll
0x00007ffdfb8c0000 - 0x00007ffdfb8c8000 	C:\WINDOWS\system32\PSAPI.DLL
0x00007ffdf7e90000 - 0x00007ffdf7e99000 	C:\WINDOWS\SYSTEM32\WSOCK32.dll
0x00007ffdfbfe0000 - 0x00007ffdfc049000 	C:\WINDOWS\system32\WS2_32.dll
0x00007ffdfbbc0000 - 0x00007ffdfbbc8000 	C:\WINDOWS\system32\NSI.dll
0x00007ffdf6be0000 - 0x00007ffdf6c03000 	C:\WINDOWS\SYSTEM32\WINMM.dll
0x00007ffdf7090000 - 0x00007ffdf709a000 	C:\WINDOWS\SYSTEM32\VERSION.dll
0x00007ffdf6900000 - 0x00007ffdf692c000 	C:\WINDOWS\SYSTEM32\WINMMBASE.dll
0x00007ffdfa800000 - 0x00007ffdfa844000 	C:\WINDOWS\system32\cfgmgr32.dll
0x00007ffdf90a0000 - 0x00007ffdf90c7000 	C:\WINDOWS\SYSTEM32\DEVOBJ.dll
0x0000000068760000 - 0x000000006876f000 	C:\Program Files\Java\jdk1.8.0_66\jre\bin\verify.dll
0x0000000068730000 - 0x0000000068759000 	C:\Program Files\Java\jdk1.8.0_66\jre\bin\java.dll
0x0000000068710000 - 0x0000000068726000 	C:\Program Files\Java\jdk1.8.0_66\jre\bin\zip.dll
0x00007ffdfc5b0000 - 0x00007ffdfdad5000 	C:\WINDOWS\system32\SHELL32.dll
0x00007ffdfabf0000 - 0x00007ffdfb218000 	C:\WINDOWS\system32\windows.storage.dll
0x00007ffdfc050000 - 0x00007ffdfc2cc000 	C:\WINDOWS\system32\combase.dll
0x00007ffdfba60000 - 0x00007ffdfbab1000 	C:\WINDOWS\system32\shlwapi.dll
0x00007ffdfa780000 - 0x00007ffdfa78f000 	C:\WINDOWS\system32\kernel.appcore.dll
0x00007ffdfaad0000 - 0x00007ffdfab83000 	C:\WINDOWS\system32\shcore.dll
0x00007ffdfa790000 - 0x00007ffdfa7da000 	C:\WINDOWS\system32\powrprof.dll
0x00007ffdfa7e0000 - 0x00007ffdfa7f3000 	C:\WINDOWS\system32\profapi.dll
0x00000000686f0000 - 0x000000006870a000 	C:\Program Files\Java\jdk1.8.0_66\jre\bin\net.dll
0x00007ffdf9fa0000 - 0x00007ffdf9ffd000 	C:\WINDOWS\system32\mswsock.dll
0x00000000686d0000 - 0x00000000686e1000 	C:\Program Files\Java\jdk1.8.0_66\jre\bin\nio.dll

VM Arguments:
jvm_args: -Dmaven.home=EMBEDDED -Dclassworlds.conf=F:\BaiduYunDownload\workspace2\.metadata\.plugins\org.eclipse.m2e.launching\launches\m2conf4847191648806999267.tmp -Dfile.encoding=UTF-8 
java_command: org.codehaus.plexus.classworlds.launcher.Launcher -B tomcat7:redeploy -DskipTests
java_class_path (initial): /C:/Users/LONG/Desktop/eclipse/plugins/org.eclipse.m2e.maven.runtime_1.5.1.20150109-1819/jars/plexus-classworlds-2.5.1.jar
Launcher Type: SUN_STANDARD

Environment Variables:
JAVA_HOME=C:\Program Files\Java\jdk1.8.0_66
PATH=C:/Program Files/Java/jre1.8.0_111/bin/server;C:/Program Files/Java/jre1.8.0_111/bin;C:/Program Files/Java/jre1.8.0_111/lib/amd64;C:\ProgramData\Oracle\Java\javapath;C:\WINDOWS\system32;C:\WINDOWS;C:\WINDOWS\System32\Wbem;C:\WINDOWS\System32\WindowsPowerShell\v1.0\;C:\Program Files\jdk1.8.0_66\bin;C:\Windows.old\Program Files\MacType;C:\nodejs;G:\SDK\tools;G:\SDK\platform-tools;C:\Program Files (x86)\NVIDIA Corporation\PhysX\Common;C:\Program Files\Git\cmd;C:\Program Files\VanDyke Software\Clients\;C:\Program Files (x86)\Microsoft VS Code\bin;C:\Users\LONG\AppData\Roaming\npm;C:\Windows.old\Users\LONG\AppData\Local\atom\bin;C:\Users\LONG\Desktop\eclipse;
USERNAME=LONG
OS=Windows_NT
PROCESSOR_IDENTIFIER=Intel64 Family 6 Model 60 Stepping 3, GenuineIntel



---------------  S Y S T E M  ---------------

OS: Windows 10.0 , 64 bit Build 10240 (10.0.10240.16384)

CPU:total 4 (2 cores per cpu, 2 threads per core) family 6 model 60 stepping 3, cmov, cx8, fxsr, mmx, sse, sse2, sse3, ssse3, sse4.1, sse4.2, popcnt, avx, avx2, aes, clmul, erms, lzcnt, ht, tsc, tscinvbit, bmi1, bmi2

Memory: 4k page, physical 8277272k(805452k free), swap 12342592k(5956k free)

vm_info: Java HotSpot(TM) 64-Bit Server VM (25.66-b18) for windows-amd64 JRE (1.8.0_66-b18), built on Nov  9 2015 10:51:13 by "java_re" with MS VC++ 10.0 (VS2010)

time: Sat Jan 14 18:29:07 2017
elapsed time: 5 seconds (0d 0h 0m 5s)

