#
# There is insufficient memory for the Java Runtime Environment to continue.
# Native memory allocation (malloc) failed to allocate 65552 bytes for Chunk::new
# Possible reasons:
#   The system is out of physical RAM or swap space
#   In 32 bit mode, the process size limit was hit
# Possible solutions:
#   Reduce memory load on the system
#   Increase physical memory or swap space
#   Check if swap backing store is full
#   Use 64 bit Java on a 64 bit OS
#   Decrease Java heap size (-Xmx/-Xms)
#   Decrease number of Java threads
#   Decrease Java thread stack sizes (-Xss)
#   Set larger code cache with -XX:ReservedCodeCacheSize=
# This output file may be truncated or incomplete.
#
#  Out of Memory Error (allocation.cpp:390), pid=47972, tid=47232
#
# JRE version: Java(TM) SE Runtime Environment (8.0_66-b18) (build 1.8.0_66-b18)
# Java VM: Java HotSpot(TM) 64-Bit Server VM (25.66-b18 mixed mode windows-amd64 compressed oops)
# Failed to write core dump. Minidumps are not enabled by default on client versions of Windows
#

---------------  T H R E A D  ---------------

Current thread (0x0000000017bf2800):  JavaThread "C2 CompilerThread0" daemon [_thread_in_native, id=47232, stack(0x0000000019600000,0x0000000019700000)]

Stack: [0x0000000019600000,0x0000000019700000]
[error occurred during error reporting (printing stack bounds), id 0xc0000005]

Native frames: (J=compiled Java code, j=interpreted, Vv=VM code, C=native code)


Current CompileTask:
C2:   3255 2096   !   4       org.codehaus.plexus.interpolation.StringSearchInterpolator::interpolate (655 bytes)


---------------  P R O C E S S  ---------------

Java Threads: ( => current thread )
  0x000000001908a800 JavaThread "Service Thread" daemon [_thread_blocked, id=41224, stack(0x0000000019900000,0x0000000019a00000)]
  0x0000000019011000 JavaThread "C1 CompilerThread2" daemon [_thread_in_native, id=44844, stack(0x0000000019800000,0x0000000019900000)]
  0x0000000017bf6000 JavaThread "C2 CompilerThread1" daemon [_thread_in_native, id=46564, stack(0x0000000019700000,0x0000000019800000)]
=>0x0000000017bf2800 JavaThread "C2 CompilerThread0" daemon [_thread_in_native, id=47232, stack(0x0000000019600000,0x0000000019700000)]
  0x0000000017baf000 JavaThread "Attach Listener" daemon [_thread_blocked, id=46748, stack(0x0000000019500000,0x0000000019600000)]
  0x0000000017b97800 JavaThread "Signal Dispatcher" daemon [_thread_blocked, id=47292, stack(0x0000000019400000,0x0000000019500000)]
  0x0000000003056800 JavaThread "Finalizer" daemon [_thread_blocked, id=47428, stack(0x0000000018e00000,0x0000000018f00000)]
  0x000000000304e000 JavaThread "Reference Handler" daemon [_thread_blocked, id=47244, stack(0x0000000018d00000,0x0000000018e00000)]
  0x0000000002f60800 JavaThread "main" [_thread_in_Java, id=47128, stack(0x0000000002e60000,0x0000000002f60000)]

Other Threads:
  0x0000000017b67000 VMThread [stack: 0x0000000018c00000,0x0000000018d00000] [id=47400]
  0x00000000190ce800 WatcherThread [stack: 0x0000000019a00000,0x0000000019b00000] [id=47724]

VM state:not at safepoint (normal execution)

VM Mutex/Monitor currently owned by a thread: None

Heap:
 PSYoungGen      total 38400K, used 23103K [0x00000000d5e00000, 0x00000000d8880000, 0x0000000100000000)
  eden space 33280K, 54% used [0x00000000d5e00000,0x00000000d6f95f68,0x00000000d7e80000)
  from space 5120K, 99% used [0x00000000d7e80000,0x00000000d837a040,0x00000000d8380000)
  to   space 5120K, 0% used [0x00000000d8380000,0x00000000d8380000,0x00000000d8880000)
 ParOldGen       total 87552K, used 4728K [0x0000000081a00000, 0x0000000086f80000, 0x00000000d5e00000)
  object space 87552K, 5% used [0x0000000081a00000,0x0000000081e9e358,0x0000000086f80000)
 Metaspace       used 13903K, capacity 14192K, committed 14336K, reserved 1062912K
  class space    used 1667K, capacity 1778K, committed 1792K, reserved 1048576K

Card table byte_map: [0x0000000012420000,0x0000000012820000] byte_map_base: 0x0000000012013000

Marking Bits: (ParMarkBitMap*) 0x000000006762a5b0
 Begin Bits: [0x0000000012ed0000, 0x0000000014e68000)
 End Bits:   [0x0000000014e68000, 0x0000000016e00000)

Polling page: 0x0000000000f40000

CodeCache: size=245760Kb used=7534Kb max_used=7534Kb free=238225Kb
 bounds [0x0000000003060000, 0x00000000037d0000, 0x0000000012060000]
 total_blobs=2475 nmethods=2145 adapters=242
 compilation: enabled

Compilation events (10 events):
Event: 3.215 Thread 0x0000000019011000 2141   !   3       sun.reflect.GeneratedMethodAccessor2::invoke (61 bytes)
Event: 3.215 Thread 0x0000000019011000 nmethod 2141 0x00000000037be7d0 code [0x00000000037be9a0, 0x00000000037bf088]
Event: 3.215 Thread 0x0000000019011000 2142       3       org.apache.maven.model.Model::getLicenses (23 bytes)
Event: 3.216 Thread 0x0000000019011000 nmethod 2142 0x00000000037bf410 code [0x00000000037bf580, 0x00000000037bf910]
Event: 3.216 Thread 0x0000000019011000 2143       3       org.eclipse.aether.util.version.GenericVersion$Tokenizer::next (231 bytes)
Event: 3.217 Thread 0x0000000019011000 nmethod 2143 0x00000000037bfa90 code [0x00000000037bfca0, 0x00000000037c08b8]
Event: 3.217 Thread 0x0000000019011000 2144       3       org.eclipse.aether.util.version.GenericVersion$Item::isNumber (14 bytes)
Event: 3.217 Thread 0x0000000019011000 nmethod 2144 0x00000000037c0dd0 code [0x00000000037c0f20, 0x00000000037c10d0]
Event: 3.217 Thread 0x0000000019011000 2145       1       org.eclipse.aether.resolution.VersionResult::getRepository (5 bytes)
Event: 3.217 Thread 0x0000000019011000 nmethod 2145 0x00000000037c1150 code [0x00000000037c12a0, 0x00000000037c13b0]

GC Heap History (6 events):
Event: 0.898 GC heap before
{Heap before GC invocations=1 (full 0):
 PSYoungGen      total 38400K, used 33280K [0x00000000d5e00000, 0x00000000d8880000, 0x0000000100000000)
  eden space 33280K, 100% used [0x00000000d5e00000,0x00000000d7e80000,0x00000000d7e80000)
  from space 5120K, 0% used [0x00000000d8380000,0x00000000d8380000,0x00000000d8880000)
  to   space 5120K, 0% used [0x00000000d7e80000,0x00000000d7e80000,0x00000000d8380000)
 ParOldGen       total 87552K, used 0K [0x0000000081a00000, 0x0000000086f80000, 0x00000000d5e00000)
  object space 87552K, 0% used [0x0000000081a00000,0x0000000081a00000,0x0000000086f80000)
 Metaspace       used 7412K, capacity 7592K, committed 7680K, reserved 1056768K
  class space    used 920K, capacity 956K, committed 1024K, reserved 1048576K
Event: 0.903 GC heap after
Heap after GC invocations=1 (full 0):
 PSYoungGen      total 38400K, used 4447K [0x00000000d5e00000, 0x00000000d8880000, 0x0000000100000000)
  eden space 33280K, 0% used [0x00000000d5e00000,0x00000000d5e00000,0x00000000d7e80000)
  from space 5120K, 86% used [0x00000000d7e80000,0x00000000d82d7fd0,0x00000000d8380000)
  to   space 5120K, 0% used [0x00000000d8380000,0x00000000d8380000,0x00000000d8880000)
 ParOldGen       total 87552K, used 16K [0x0000000081a00000, 0x0000000086f80000, 0x00000000d5e00000)
  object space 87552K, 0% used [0x0000000081a00000,0x0000000081a04000,0x0000000086f80000)
 Metaspace       used 7412K, capacity 7592K, committed 7680K, reserved 1056768K
  class space    used 920K, capacity 956K, committed 1024K, reserved 1048576K
}
Event: 1.569 GC heap before
{Heap before GC invocations=2 (full 0):
 PSYoungGen      total 38400K, used 37727K [0x00000000d5e00000, 0x00000000d8880000, 0x0000000100000000)
  eden space 33280K, 100% used [0x00000000d5e00000,0x00000000d7e80000,0x00000000d7e80000)
  from space 5120K, 86% used [0x00000000d7e80000,0x00000000d82d7fd0,0x00000000d8380000)
  to   space 5120K, 0% used [0x00000000d8380000,0x00000000d8380000,0x00000000d8880000)
 ParOldGen       total 87552K, used 16K [0x0000000081a00000, 0x0000000086f80000, 0x00000000d5e00000)
  object space 87552K, 0% used [0x0000000081a00000,0x0000000081a04000,0x0000000086f80000)
 Metaspace       used 11500K, capacity 11738K, committed 11904K, reserved 1058816K
  class space    used 1446K, capacity 1545K, committed 1664K, reserved 1048576K
Event: 1.578 GC heap after
Heap after GC invocations=2 (full 0):
 PSYoungGen      total 38400K, used 5115K [0x00000000d5e00000, 0x00000000d8880000, 0x0000000100000000)
  eden space 33280K, 0% used [0x00000000d5e00000,0x00000000d5e00000,0x00000000d7e80000)
  from space 5120K, 99% used [0x00000000d8380000,0x00000000d887ed00,0x00000000d8880000)
  to   space 5120K, 0% used [0x00000000d7e80000,0x00000000d7e80000,0x00000000d8380000)
 ParOldGen       total 87552K, used 2164K [0x0000000081a00000, 0x0000000086f80000, 0x00000000d5e00000)
  object space 87552K, 2% used [0x0000000081a00000,0x0000000081c1d210,0x0000000086f80000)
 Metaspace       used 11500K, capacity 11738K, committed 11904K, reserved 1058816K
  class space    used 1446K, capacity 1545K, committed 1664K, reserved 1048576K
}
Event: 2.621 GC heap before
{Heap before GC invocations=3 (full 0):
 PSYoungGen      total 38400K, used 38395K [0x00000000d5e00000, 0x00000000d8880000, 0x0000000100000000)
  eden space 33280K, 100% used [0x00000000d5e00000,0x00000000d7e80000,0x00000000d7e80000)
  from space 5120K, 99% used [0x00000000d8380000,0x00000000d887ed00,0x00000000d8880000)
  to   space 5120K, 0% used [0x00000000d7e80000,0x00000000d7e80000,0x00000000d8380000)
 ParOldGen       total 87552K, used 2164K [0x0000000081a00000, 0x0000000086f80000, 0x00000000d5e00000)
  object space 87552K, 2% used [0x0000000081a00000,0x0000000081c1d210,0x0000000086f80000)
 Metaspace       used 13706K, capacity 13988K, committed 14080K, reserved 1060864K
  class space    used 1663K, capacity 1776K, committed 1792K, reserved 1048576K
Event: 2.637 GC heap after
Heap after GC invocations=3 (full 0):
 PSYoungGen      total 38400K, used 5096K [0x00000000d5e00000, 0x00000000d8880000, 0x0000000100000000)
  eden space 33280K, 0% used [0x00000000d5e00000,0x00000000d5e00000,0x00000000d7e80000)
  from space 5120K, 99% used [0x00000000d7e80000,0x00000000d837a040,0x00000000d8380000)
  to   space 5120K, 0% used [0x00000000d8380000,0x00000000d8380000,0x00000000d8880000)
 ParOldGen       total 87552K, used 4728K [0x0000000081a00000, 0x0000000086f80000, 0x00000000d5e00000)
  object space 87552K, 5% used [0x0000000081a00000,0x0000000081e9e358,0x0000000086f80000)
 Metaspace       used 13706K, capacity 13988K, committed 14080K, reserved 1060864K
  class space    used 1663K, capacity 1776K, committed 1792K, reserved 1048576K
}

Deoptimization events (10 events):
Event: 2.104 Thread 0x0000000002f60800 Uncommon trap: reason=null_check action=make_not_entrant pc=0x00000000035e3934 method=org.apache.maven.model.io.xpp3.MavenXpp3Reader.checkFieldWithDuplicate(Lorg/codehaus/plexus/util/xml/pull/XmlPullParser;Ljava/lang/String;Ljava/lang/String;Ljava/util/Set;–sÄLè
Event: 2.113 Thread 0x0000000002f60800 Uncommon trap: reason=unstable_if action=reinterpret pc=0x00000000035458c8 method=sun.nio.cs.UTF_8$Decoder.decode([BII[C)I @ 30
Event: 2.195 Thread 0x0000000002f60800 Uncommon trap: reason=unstable_if action=reinterpret pc=0x00000000033c19f8 method=java.util.HashMap.hash(Ljava/lang/Object;)I @ 1
Event: 2.302 Thread 0x0000000002f60800 Uncommon trap: reason=unstable_if action=reinterpret pc=0x00000000036025a4 method=java.util.concurrent.ConcurrentHashMap.get(Ljava/lang/Object;)Ljava/lang/Object; @ 76
Event: 2.302 Thread 0x0000000002f60800 Uncommon trap: reason=class_check action=maybe_recompile pc=0x00000000033f11f0 method=java.util.concurrent.ConcurrentHashMap.putVal(Ljava/lang/Object;Ljava/lang/Object;Z)Ljava/lang/Object; @ 192
Event: 2.366 Thread 0x0000000002f60800 Uncommon trap: reason=predicate action=maybe_recompile pc=0x00000000035f494c method=java.nio.charset.CharsetDecoder.decode(Ljava/nio/ByteBuffer;Ljava/nio/CharBuffer;Z)Ljava/nio/charset/CoderResult; @ 54
Event: 2.678 Thread 0x0000000002f60800 Uncommon trap: reason=unstable_if action=reinterpret pc=0x00000000036931fc method=org.codehaus.plexus.util.xml.pull.MXParser.parseAttribute()C @ 762
Event: 3.038 Thread 0x0000000002f60800 Uncommon trap: reason=unstable_if action=reinterpret pc=0x0000000003598340 method=org.codehaus.plexus.util.xml.pull.MXParser.nextImpl()I @ 280
Event: 3.039 Thread 0x0000000002f60800 Uncommon trap: reason=unstable_if action=reinterpret pc=0x000000000340d540 method=java.lang.String.regionMatches(ZILjava/lang/String;II)Z @ 25
Event: 3.043 Thread 0x0000000002f60800 Uncommon trap: reason=unstable_if action=reinterpret pc=0x00000000035de8bc method=java.util.ArrayList.remove(I)Ljava/lang/Object; @ 31

Internal exceptions (10 events):
Event: 0.606 Thread 0x0000000002f60800 Exception <a 'java/lang/ArrayIndexOutOfBoundsException'> (0x00000000d6f33550) thrown at [C:\re\workspace\8-2-build-windows-amd64-cygwin\jdk8u66\5298\hotspot\src\share\vm\runtime\sharedRuntime.cpp, line 605]
Event: 0.621 Thread 0x0000000002f60800 Exception <a 'java/lang/ArrayIndexOutOfBoundsException'> (0x00000000d6f863f8) thrown at [C:\re\workspace\8-2-build-windows-amd64-cygwin\jdk8u66\5298\hotspot\src\share\vm\runtime\sharedRuntime.cpp, line 605]
Event: 0.863 Thread 0x0000000002f60800 Exception <a 'java/lang/ArrayIndexOutOfBoundsException'> (0x00000000d7e35280) thrown at [C:\re\workspace\8-2-build-windows-amd64-cygwin\jdk8u66\5298\hotspot\src\share\vm\runtime\sharedRuntime.cpp, line 605]
Event: 0.863 Thread 0x0000000002f60800 Exception <a 'java/lang/ArrayIndexOutOfBoundsException'> (0x00000000d7e36c28) thrown at [C:\re\workspace\8-2-build-windows-amd64-cygwin\jdk8u66\5298\hotspot\src\share\vm\runtime\sharedRuntime.cpp, line 605]
Event: 0.929 Thread 0x0000000002f60800 Exception <a 'java/lang/ArrayIndexOutOfBoundsException'> (0x00000000d5f75130) thrown at [C:\re\workspace\8-2-build-windows-amd64-cygwin\jdk8u66\5298\hotspot\src\share\vm\runtime\sharedRuntime.cpp, line 605]
Event: 0.939 Thread 0x0000000002f60800 Exception <a 'java/lang/ArrayIndexOutOfBoundsException'> (0x00000000d5fc3260) thrown at [C:\re\workspace\8-2-build-windows-amd64-cygwin\jdk8u66\5298\hotspot\src\share\vm\runtime\sharedRuntime.cpp, line 605]
Event: 0.939 Thread 0x0000000002f60800 Exception <a 'java/lang/ArrayIndexOutOfBoundsException'> (0x00000000d5fc4068) thrown at [C:\re\workspace\8-2-build-windows-amd64-cygwin\jdk8u66\5298\hotspot\src\share\vm\runtime\sharedRuntime.cpp, line 605]
Event: 2.094 Thread 0x0000000002f60800 Implicit null exception at 0x0000000003429e55 to 0x000000000342a025
Event: 2.104 Thread 0x0000000002f60800 Implicit null exception at 0x00000000035e2698 to 0x00000000035e391d
Event: 2.195 Thread 0x0000000002f60800 Implicit null exception at 0x00000000033c133b to 0x00000000033c19dd

Events (10 events):
Event: 2.885 Thread 0x0000000002f60800 DEOPT UNPACKING pc=0x00000000030a787f sp=0x0000000002f5c528 mode 0
Event: 3.038 Thread 0x0000000002f60800 Uncommon trap: trap_request=0xffffff65 fr.pc=0x0000000003598340
Event: 3.038 Thread 0x0000000002f60800 DEOPT PACKING pc=0x0000000003598340 sp=0x0000000002f5cdc0
Event: 3.038 Thread 0x0000000002f60800 DEOPT UNPACKING pc=0x00000000030a582a sp=0x0000000002f5cd30 mode 2
Event: 3.039 Thread 0x0000000002f60800 Uncommon trap: trap_request=0xffffff65 fr.pc=0x000000000340d540
Event: 3.039 Thread 0x0000000002f60800 DEOPT PACKING pc=0x000000000340d540 sp=0x0000000002f5d420
Event: 3.039 Thread 0x0000000002f60800 DEOPT UNPACKING pc=0x00000000030a582a sp=0x0000000002f5d3a8 mode 2
Event: 3.043 Thread 0x0000000002f60800 Uncommon trap: trap_request=0xffffff65 fr.pc=0x00000000035de8bc
Event: 3.043 Thread 0x0000000002f60800 DEOPT PACKING pc=0x00000000035de8bc sp=0x0000000002f5d3d0
Event: 3.043 Thread 0x0000000002f60800 DEOPT UNPACKING pc=0x00000000030a582a sp=0x0000000002f5d378 mode 2


Dynamic libraries:
0x00007ff7424f0000 - 0x00007ff742527000 	C:\Program Files\Java\jdk1.8.0_66\bin\javaw.exe
0x00007ffdfdd30000 - 0x00007ffdfdef2000 	C:\WINDOWS\SYSTEM32\ntdll.dll
0x00007ffdfbbd0000 - 0x00007ffdfbc7d000 	C:\WINDOWS\system32\KERNEL32.DLL
0x00007ffdfb220000 - 0x00007ffdfb3fd000 	C:\WINDOWS\system32\KERNELBASE.dll
0x00007ffdfbde0000 - 0x00007ffdfbe86000 	C:\WINDOWS\system32\ADVAPI32.dll
0x00007ffdfbb20000 - 0x00007ffdfbbbd000 	C:\WINDOWS\system32\msvcrt.dll
0x00007ffdfbac0000 - 0x00007ffdfbb1b000 	C:\WINDOWS\system32\sechost.dll
0x00007ffdfc3a0000 - 0x00007ffdfc4c6000 	C:\WINDOWS\system32\RPCRT4.dll
0x00007ffdfbe90000 - 0x00007ffdfbfde000 	C:\WINDOWS\system32\USER32.dll
0x00007ffdfb8d0000 - 0x00007ffdfba55000 	C:\WINDOWS\system32\GDI32.dll
0x00007ffdf6930000 - 0x00007ffdf6ba4000 	C:\WINDOWS\WinSxS\amd64_microsoft.windows.common-controls_6595b64144ccf1df_6.0.10240.16384_none_f41f7b285750ef43\COMCTL32.dll
0x00007ffdfdba0000 - 0x00007ffdfdbd6000 	C:\WINDOWS\system32\IMM32.DLL
0x00007ffdfbc80000 - 0x00007ffdfbddc000 	C:\WINDOWS\system32\MSCTF.dll
0x0000000068770000 - 0x0000000068842000 	C:\Program Files\Java\jdk1.8.0_66\jre\bin\msvcr100.dll
0x0000000066e20000 - 0x00000000676a9000 	C:\Program Files\Java\jdk1.8.0_66\jre\bin\server\jvm.dll
0x00007ffdfb8c0000 - 0x00007ffdfb8c8000 	C:\WINDOWS\system32\PSAPI.DLL
0x00007ffdf7e90000 - 0x00007ffdf7e99000 	C:\WINDOWS\SYSTEM32\WSOCK32.dll
0x00007ffdfbfe0000 - 0x00007ffdfc049000 	C:\WINDOWS\system32\WS2_32.dll
0x00007ffdfbbc0000 - 0x00007ffdfbbc8000 	C:\WINDOWS\system32\NSI.dll
0x00007ffdf6be0000 - 0x00007ffdf6c03000 	C:\WINDOWS\SYSTEM32\WINMM.dll
0x00007ffdf7090000 - 0x00007ffdf709a000 	C:\WINDOWS\SYSTEM32\VERSION.dll
0x00007ffdf6900000 - 0x00007ffdf692c000 	C:\WINDOWS\SYSTEM32\WINMMBASE.dll
0x00007ffdfa800000 - 0x00007ffdfa844000 	C:\WINDOWS\system32\cfgmgr32.dll
0x00007ffdf90a0000 - 0x00007ffdf90c7000 	C:\WINDOWS\SYSTEM32\DEVOBJ.dll
0x0000000068760000 - 0x000000006876f000 	C:\Program Files\Java\jdk1.8.0_66\jre\bin\verify.dll
0x0000000068730000 - 0x0000000068759000 	C:\Program Files\Java\jdk1.8.0_66\jre\bin\java.dll
0x0000000068710000 - 0x0000000068726000 	C:\Program Files\Java\jdk1.8.0_66\jre\bin\zip.dll
0x00007ffdfc5b0000 - 0x00007ffdfdad5000 	C:\WINDOWS\system32\SHELL32.dll
0x00007ffdfabf0000 - 0x00007ffdfb218000 	C:\WINDOWS\system32\windows.storage.dll
0x00007ffdfc050000 - 0x00007ffdfc2cc000 	C:\WINDOWS\system32\combase.dll
0x00007ffdfba60000 - 0x00007ffdfbab1000 	C:\WINDOWS\system32\shlwapi.dll
0x00007ffdfa780000 - 0x00007ffdfa78f000 	C:\WINDOWS\system32\kernel.appcore.dll
0x00007ffdfaad0000 - 0x00007ffdfab83000 	C:\WINDOWS\system32\shcore.dll
0x00007ffdfa790000 - 0x00007ffdfa7da000 	C:\WINDOWS\system32\powrprof.dll
0x00007ffdfa7e0000 - 0x00007ffdfa7f3000 	C:\WINDOWS\system32\profapi.dll
0x00000000686f0000 - 0x000000006870a000 	C:\Program Files\Java\jdk1.8.0_66\jre\bin\net.dll
0x00007ffdf9fa0000 - 0x00007ffdf9ffd000 	C:\WINDOWS\system32\mswsock.dll
0x00000000686d0000 - 0x00000000686e1000 	C:\Program Files\Java\jdk1.8.0_66\jre\bin\nio.dll

VM Arguments:
jvm_args: -Dmaven.home=EMBEDDED -Dclassworlds.conf=F:\BaiduYunDownload\workspace2\.metadata\.plugins\org.eclipse.m2e.launching\launches\m2conf1519209845961263897.tmp -Dfile.encoding=UTF-8 
java_command: org.codehaus.plexus.classworlds.launcher.Launcher -B tomcat7:redeploy -DskipTests
java_class_path (initial): /C:/Users/LONG/Desktop/eclipse/plugins/org.eclipse.m2e.maven.runtime_1.5.1.20150109-1819/jars/plexus-classworlds-2.5.1.jar
Launcher Type: SUN_STANDARD

Environment Variables:
JAVA_HOME=C:\Program Files\Java\jdk1.8.0_66
PATH=C:/Program Files/Java/jre1.8.0_111/bin/server;C:/Program Files/Java/jre1.8.0_111/bin;C:/Program Files/Java/jre1.8.0_111/lib/amd64;C:\ProgramData\Oracle\Java\javapath;C:\WINDOWS\system32;C:\WINDOWS;C:\WINDOWS\System32\Wbem;C:\WINDOWS\System32\WindowsPowerShell\v1.0\;C:\Program Files\jdk1.8.0_66\bin;C:\Windows.old\Program Files\MacType;C:\nodejs;G:\SDK\tools;G:\SDK\platform-tools;C:\Program Files (x86)\NVIDIA Corporation\PhysX\Common;C:\Program Files\Git\cmd;C:\Program Files\VanDyke Software\Clients\;C:\Program Files (x86)\Microsoft VS Code\bin;C:\Users\LONG\AppData\Roaming\npm;C:\Windows.old\Users\LONG\AppData\Local\atom\bin;C:\Users\LONG\Desktop\eclipse;
USERNAME=LONG
OS=Windows_NT
PROCESSOR_IDENTIFIER=Intel64 Family 6 Model 60 Stepping 3, GenuineIntel



---------------  S Y S T E M  ---------------

OS: Windows 10.0 , 64 bit Build 10240 (10.0.10240.16384)

CPU:total 4 (2 cores per cpu, 2 threads per core) family 6 model 60 stepping 3, cmov, cx8, fxsr, mmx, sse, sse2, sse3, ssse3, sse4.1, sse4.2, popcnt, avx, avx2, aes, clmul, erms, lzcnt, ht, tsc, tscinvbit, bmi1, bmi2

Memory: 4k page, physical 8277272k(821560k free), swap 12342592k(3060k free)

vm_info: Java HotSpot(TM) 64-Bit Server VM (25.66-b18) for windows-amd64 JRE (1.8.0_66-b18), built on Nov  9 2015 10:51:13 by "java_re" with MS VC++ 10.0 (VS2010)

time: Sat Jan 14 18:28:56 2017
elapsed time: 3 seconds (0d 0h 0m 3s)

