#
# There is insufficient memory for the Java Runtime Environment to continue.
# Native memory allocation (malloc) failed to allocate 1115152 bytes for Chunk::new
# Possible reasons:
#   The system is out of physical RAM or swap space
#   In 32 bit mode, the process size limit was hit
# Possible solutions:
#   Reduce memory load on the system
#   Increase physical memory or swap space
#   Check if swap backing store is full
#   Use 64 bit Java on a 64 bit OS
#   Decrease Java heap size (-Xmx/-Xms)
#   Decrease number of Java threads
#   Decrease Java thread stack sizes (-Xss)
#   Set larger code cache with -XX:ReservedCodeCacheSize=
# This output file may be truncated or incomplete.
#
#  Out of Memory Error (allocation.cpp:390), pid=12280, tid=11880
#
# JRE version: Java(TM) SE Runtime Environment (8.0_66-b18) (build 1.8.0_66-b18)
# Java VM: Java HotSpot(TM) 64-Bit Server VM (25.66-b18 mixed mode windows-amd64 compressed oops)
# Failed to write core dump. Minidumps are not enabled by default on client versions of Windows
#

---------------  T H R E A D  ---------------

Current thread (0x0000000017bfc000):  JavaThread "C2 CompilerThread0" daemon [_thread_in_native, id=11880, stack(0x0000000019170000,0x0000000019270000)]

Stack: [0x0000000019170000,0x0000000019270000]
[error occurred during error reporting (printing stack bounds), id 0xc0000005]

Native frames: (J=compiled Java code, j=interpreted, Vv=VM code, C=native code)


Current CompileTask:
C2:   6460 3383   !   4       com.google.inject.internal.InjectorImpl::callInContext (85 bytes)


---------------  P R O C E S S  ---------------

Java Threads: ( => current thread )
  0x00000000192f2000 JavaThread "Service Thread" daemon [_thread_blocked, id=12048, stack(0x0000000019870000,0x0000000019970000)]
  0x0000000019277000 JavaThread "C1 CompilerThread2" daemon [_thread_in_native, id=5728, stack(0x0000000019770000,0x0000000019870000)]
  0x0000000019270800 JavaThread "C2 CompilerThread1" daemon [_thread_in_native, id=10532, stack(0x0000000019670000,0x0000000019770000)]
=>0x0000000017bfc000 JavaThread "C2 CompilerThread0" daemon [_thread_in_native, id=11880, stack(0x0000000019170000,0x0000000019270000)]
  0x0000000017bad800 JavaThread "Attach Listener" daemon [_thread_blocked, id=10388, stack(0x0000000019070000,0x0000000019170000)]
  0x0000000017b97800 JavaThread "Signal Dispatcher" daemon [_thread_blocked, id=11248, stack(0x0000000018f70000,0x0000000019070000)]
  0x0000000003056000 JavaThread "Finalizer" daemon [_thread_blocked, id=11968, stack(0x0000000018e10000,0x0000000018f10000)]
  0x000000000304d000 JavaThread "Reference Handler" daemon [_thread_blocked, id=12264, stack(0x0000000018d10000,0x0000000018e10000)]
  0x0000000002f60800 JavaThread "main" [_thread_in_Java, id=10580, stack(0x0000000002da0000,0x0000000002ea0000)]

Other Threads:
  0x0000000017b67800 VMThread [stack: 0x0000000018c10000,0x0000000018d10000] [id=11876]
  0x000000001932f000 WatcherThread [stack: 0x0000000019970000,0x0000000019a70000] [id=11748]

VM state:not at safepoint (normal execution)

VM Mutex/Monitor currently owned by a thread: None

Heap:
 PSYoungGen      total 71680K, used 26355K [0x00000000d5e00000, 0x00000000df700000, 0x0000000100000000)
  eden space 66560K, 31% used [0x00000000d5e00000,0x00000000d72c2ec0,0x00000000d9f00000)
  from space 5120K, 99% used [0x00000000d9f00000,0x00000000da3fa020,0x00000000da400000)
  to   space 11776K, 0% used [0x00000000deb80000,0x00000000deb80000,0x00000000df700000)
 ParOldGen       total 87552K, used 12860K [0x0000000081a00000, 0x0000000086f80000, 0x00000000d5e00000)
  object space 87552K, 14% used [0x0000000081a00000,0x000000008268f0c8,0x0000000086f80000)
 Metaspace       used 17989K, capacity 18508K, committed 18688K, reserved 1064960K
  class space    used 2116K, capacity 2269K, committed 2304K, reserved 1048576K

Card table byte_map: [0x0000000012420000,0x0000000012820000] byte_map_base: 0x0000000012013000

Marking Bits: (ParMarkBitMap*) 0x000000005479a5b0
 Begin Bits: [0x0000000012ed0000, 0x0000000014e68000)
 End Bits:   [0x0000000014e68000, 0x0000000016e00000)

Polling page: 0x0000000002ea0000

CodeCache: size=245760Kb used=12171Kb max_used=12171Kb free=233588Kb
 bounds [0x0000000003060000, 0x0000000003c50000, 0x0000000012060000]
 total_blobs=3765 nmethods=3401 adapters=276
 compilation: enabled

Compilation events (10 events):
Event: 6.455 Thread 0x0000000019277000 nmethod 3405 0x0000000003c4a250 code [0x0000000003c4a3c0, 0x0000000003c4a7e8]
Event: 6.455 Thread 0x0000000019277000 3406       3       org.eclipse.aether.internal.impl.DataPool::toKey (15 bytes)
Event: 6.455 Thread 0x0000000019277000 nmethod 3406 0x0000000003c214d0 code [0x0000000003c21640, 0x0000000003c21848]
Event: 6.455 Thread 0x0000000019277000 3407       3       org.eclipse.aether.internal.impl.DataPool::getChildren (14 bytes)
Event: 6.455 Thread 0x0000000019277000 nmethod 3407 0x0000000003c4a8d0 code [0x0000000003c4aa40, 0x0000000003c4ad68]
Event: 6.455 Thread 0x0000000019277000 3408       3       org.eclipse.aether.util.graph.transformer.ConflictIdSorter$RootQueue::isEmpty (17 bytes)
Event: 6.456 Thread 0x0000000019277000 nmethod 3408 0x0000000003c27510 code [0x0000000003c27660, 0x0000000003c27810]
Event: 6.456 Thread 0x0000000019277000 3409       3       org.eclipse.aether.util.graph.transformer.JavaScopeDeriver::deriveScope (17 bytes)
Event: 6.456 Thread 0x0000000019277000 nmethod 3409 0x0000000003c4ae50 code [0x0000000003c4afc0, 0x0000000003c4b3e8]
Event: 6.456 Thread 0x0000000019277000 3410       3       org.eclipse.aether.util.graph.transformer.ConflictResolver$ConflictItem::getScopes (29 bytes)

GC Heap History (10 events):
Event: 0.678 GC heap before
{Heap before GC invocations=1 (full 0):
 PSYoungGen      total 38400K, used 33280K [0x00000000d5e00000, 0x00000000d8880000, 0x0000000100000000)
  eden space 33280K, 100% used [0x00000000d5e00000,0x00000000d7e80000,0x00000000d7e80000)
  from space 5120K, 0% used [0x00000000d8380000,0x00000000d8380000,0x00000000d8880000)
  to   space 5120K, 0% used [0x00000000d7e80000,0x00000000d7e80000,0x00000000d8380000)
 ParOldGen       total 87552K, used 0K [0x0000000081a00000, 0x0000000086f80000, 0x00000000d5e00000)
  object space 87552K, 0% used [0x0000000081a00000,0x0000000081a00000,0x0000000086f80000)
 Metaspace       used 7405K, capacity 7592K, committed 7680K, reserved 1056768K
  class space    used 921K, capacity 956K, committed 1024K, reserved 1048576K
Event: 0.684 GC heap after
Heap after GC invocations=1 (full 0):
 PSYoungGen      total 38400K, used 4451K [0x00000000d5e00000, 0x00000000d8880000, 0x0000000100000000)
  eden space 33280K, 0% used [0x00000000d5e00000,0x00000000d5e00000,0x00000000d7e80000)
  from space 5120K, 86% used [0x00000000d7e80000,0x00000000d82d8c38,0x00000000d8380000)
  to   space 5120K, 0% used [0x00000000d8380000,0x00000000d8380000,0x00000000d8880000)
 ParOldGen       total 87552K, used 8K [0x0000000081a00000, 0x0000000086f80000, 0x00000000d5e00000)
  object space 87552K, 0% used [0x0000000081a00000,0x0000000081a02000,0x0000000086f80000)
 Metaspace       used 7405K, capacity 7592K, committed 7680K, reserved 1056768K
  class space    used 921K, capacity 956K, committed 1024K, reserved 1048576K
}
Event: 1.210 GC heap before
{Heap before GC invocations=2 (full 0):
 PSYoungGen      total 38400K, used 37731K [0x00000000d5e00000, 0x00000000d8880000, 0x0000000100000000)
  eden space 33280K, 100% used [0x00000000d5e00000,0x00000000d7e80000,0x00000000d7e80000)
  from space 5120K, 86% used [0x00000000d7e80000,0x00000000d82d8c38,0x00000000d8380000)
  to   space 5120K, 0% used [0x00000000d8380000,0x00000000d8380000,0x00000000d8880000)
 ParOldGen       total 87552K, used 8K [0x0000000081a00000, 0x0000000086f80000, 0x00000000d5e00000)
  object space 87552K, 0% used [0x0000000081a00000,0x0000000081a02000,0x0000000086f80000)
 Metaspace       used 11486K, capacity 11674K, committed 11904K, reserved 1058816K
  class space    used 1446K, capacity 1545K, committed 1664K, reserved 1048576K
Event: 1.220 GC heap after
Heap after GC invocations=2 (full 0):
 PSYoungGen      total 38400K, used 5097K [0x00000000d5e00000, 0x00000000da900000, 0x0000000100000000)
  eden space 33280K, 0% used [0x00000000d5e00000,0x00000000d5e00000,0x00000000d7e80000)
  from space 5120K, 99% used [0x00000000d8380000,0x00000000d887a730,0x00000000d8880000)
  to   space 5120K, 0% used [0x00000000d7e80000,0x00000000d7e80000,0x00000000d8380000)
 ParOldGen       total 87552K, used 2219K [0x0000000081a00000, 0x0000000086f80000, 0x00000000d5e00000)
  object space 87552K, 2% used [0x0000000081a00000,0x0000000081c2ae18,0x0000000086f80000)
 Metaspace       used 11486K, capacity 11674K, committed 11904K, reserved 1058816K
  class space    used 1446K, capacity 1545K, committed 1664K, reserved 1048576K
}
Event: 2.123 GC heap before
{Heap before GC invocations=3 (full 0):
 PSYoungGen      total 38400K, used 38377K [0x00000000d5e00000, 0x00000000da900000, 0x0000000100000000)
  eden space 33280K, 100% used [0x00000000d5e00000,0x00000000d7e80000,0x00000000d7e80000)
  from space 5120K, 99% used [0x00000000d8380000,0x00000000d887a730,0x00000000d8880000)
  to   space 5120K, 0% used [0x00000000d7e80000,0x00000000d7e80000,0x00000000d8380000)
 ParOldGen       total 87552K, used 2219K [0x0000000081a00000, 0x0000000086f80000, 0x00000000d5e00000)
  object space 87552K, 2% used [0x0000000081a00000,0x0000000081c2ae18,0x0000000086f80000)
 Metaspace       used 13676K, capacity 13924K, committed 14080K, reserved 1060864K
  class space    used 1665K, capacity 1776K, committed 1792K, reserved 1048576K
Event: 2.139 GC heap after
Heap after GC invocations=3 (full 0):
 PSYoungGen      total 38400K, used 5096K [0x00000000d5e00000, 0x00000000da900000, 0x0000000100000000)
  eden space 33280K, 0% used [0x00000000d5e00000,0x00000000d5e00000,0x00000000d7e80000)
  from space 5120K, 99% used [0x00000000d7e80000,0x00000000d837a040,0x00000000d8380000)
  to   space 5120K, 0% used [0x00000000da400000,0x00000000da400000,0x00000000da900000)
 ParOldGen       total 87552K, used 4819K [0x0000000081a00000, 0x0000000086f80000, 0x00000000d5e00000)
  object space 87552K, 5% used [0x0000000081a00000,0x0000000081eb4f98,0x0000000086f80000)
 Metaspace       used 13676K, capacity 13924K, committed 14080K, reserved 1060864K
  class space    used 1665K, capacity 1776K, committed 1792K, reserved 1048576K
}
Event: 3.001 GC heap before
{Heap before GC invocations=4 (full 0):
 PSYoungGen      total 38400K, used 38376K [0x00000000d5e00000, 0x00000000da900000, 0x0000000100000000)
  eden space 33280K, 100% used [0x00000000d5e00000,0x00000000d7e80000,0x00000000d7e80000)
  from space 5120K, 99% used [0x00000000d7e80000,0x00000000d837a040,0x00000000d8380000)
  to   space 5120K, 0% used [0x00000000da400000,0x00000000da400000,0x00000000da900000)
 ParOldGen       total 87552K, used 4819K [0x0000000081a00000, 0x0000000086f80000, 0x00000000d5e00000)
  object space 87552K, 5% used [0x0000000081a00000,0x0000000081eb4f98,0x0000000086f80000)
 Metaspace       used 14102K, capacity 14396K, committed 14592K, reserved 1062912K
  class space    used 1685K, capacity 1780K, committed 1792K, reserved 1048576K
Event: 3.013 GC heap after
Heap after GC invocations=4 (full 0):
 PSYoungGen      total 71680K, used 5096K [0x00000000d5e00000, 0x00000000da900000, 0x0000000100000000)
  eden space 66560K, 0% used [0x00000000d5e00000,0x00000000d5e00000,0x00000000d9f00000)
  from space 5120K, 99% used [0x00000000da400000,0x00000000da8fa020,0x00000000da900000)
  to   space 5120K, 0% used [0x00000000d9f00000,0x00000000d9f00000,0x00000000da400000)
 ParOldGen       total 87552K, used 6983K [0x0000000081a00000, 0x0000000086f80000, 0x00000000d5e00000)
  object space 87552K, 7% used [0x0000000081a00000,0x00000000820d1df8,0x0000000086f80000)
 Metaspace       used 14102K, capacity 14396K, committed 14592K, reserved 1062912K
  class space    used 1685K, capacity 1780K, committed 1792K, reserved 1048576K
}
Event: 4.622 GC heap before
{Heap before GC invocations=5 (full 0):
 PSYoungGen      total 71680K, used 71656K [0x00000000d5e00000, 0x00000000da900000, 0x0000000100000000)
  eden space 66560K, 100% used [0x00000000d5e00000,0x00000000d9f00000,0x00000000d9f00000)
  from space 5120K, 99% used [0x00000000da400000,0x00000000da8fa020,0x00000000da900000)
  to   space 5120K, 0% used [0x00000000d9f00000,0x00000000d9f00000,0x00000000da400000)
 ParOldGen       total 87552K, used 6983K [0x0000000081a00000, 0x0000000086f80000, 0x00000000d5e00000)
  object space 87552K, 7% used [0x0000000081a00000,0x00000000820d1df8,0x0000000086f80000)
 Metaspace       used 17450K, capacity 17966K, committed 18176K, reserved 1064960K
  class space    used 2079K, capacity 2264K, committed 2304K, reserved 1048576K
Event: 4.699 GC heap after
Heap after GC invocations=5 (full 0):
 PSYoungGen      total 71680K, used 5096K [0x00000000d5e00000, 0x00000000df700000, 0x0000000100000000)
  eden space 66560K, 0% used [0x00000000d5e00000,0x00000000d5e00000,0x00000000d9f00000)
  from space 5120K, 99% used [0x00000000d9f00000,0x00000000da3fa020,0x00000000da400000)
  to   space 11776K, 0% used [0x00000000deb80000,0x00000000deb80000,0x00000000df700000)
 ParOldGen       total 87552K, used 12860K [0x0000000081a00000, 0x0000000086f80000, 0x00000000d5e00000)
  object space 87552K, 14% used [0x0000000081a00000,0x000000008268f0c8,0x0000000086f80000)
 Metaspace       used 17450K, capacity 17966K, committed 18176K, reserved 1064960K
  class space    used 2079K, capacity 2264K, committed 2304K, reserved 1048576K
}

Deoptimization events (10 events):
Event: 5.291 Thread 0x0000000002f60800 Uncommon trap: reason=class_check action=maybe_recompile pc=0x00000000036f1a94 method=java.util.Hashtable.put(Ljava/lang/Object;Ljava/lang/Object;)Ljava/lang/Object; @ 18
Event: 5.291 Thread 0x0000000002f60800 Uncommon trap: reason=class_check action=maybe_recompile pc=0x00000000036f1a94 method=java.util.Hashtable.put(Ljava/lang/Object;Ljava/lang/Object;)Ljava/lang/Object; @ 18
Event: 5.293 Thread 0x0000000002f60800 Uncommon trap: reason=class_check action=maybe_recompile pc=0x00000000036f3b94 method=java.util.Hashtable.addEntry(ILjava/lang/Object;Ljava/lang/Object;I)V @ 38
Event: 5.296 Thread 0x0000000002f60800 Uncommon trap: reason=class_check action=maybe_recompile pc=0x00000000036f3b94 method=java.util.Hashtable.addEntry(ILjava/lang/Object;Ljava/lang/Object;I)V @ 38
Event: 5.304 Thread 0x0000000002f60800 Uncommon trap: reason=class_check action=maybe_recompile pc=0x00000000036f3b94 method=java.util.Hashtable.addEntry(ILjava/lang/Object;Ljava/lang/Object;I)V @ 38
Event: 6.138 Thread 0x0000000002f60800 Uncommon trap: reason=class_check action=maybe_recompile pc=0x00000000036f5d08 method=java.util.Hashtable.get(Ljava/lang/Object;)Ljava/lang/Object; @ 6
Event: 6.138 Thread 0x0000000002f60800 Uncommon trap: reason=class_check action=maybe_recompile pc=0x00000000036f5d08 method=java.util.Hashtable.get(Ljava/lang/Object;)Ljava/lang/Object; @ 6
Event: 6.138 Thread 0x0000000002f60800 Uncommon trap: reason=class_check action=maybe_recompile pc=0x00000000036f5d08 method=java.util.Hashtable.get(Ljava/lang/Object;)Ljava/lang/Object; @ 6
Event: 6.138 Thread 0x0000000002f60800 Uncommon trap: reason=class_check action=maybe_recompile pc=0x00000000036f5d08 method=java.util.Hashtable.get(Ljava/lang/Object;)Ljava/lang/Object; @ 6
Event: 6.421 Thread 0x0000000002f60800 Uncommon trap: reason=unstable_if action=reinterpret pc=0x0000000003c2e600 method=org.codehaus.plexus.util.xml.pull.MXParser.parseAttribute()C @ 990

Internal exceptions (10 events):
Event: 0.482 Thread 0x0000000002f60800 Exception <a 'java/lang/ArrayIndexOutOfBoundsException'> (0x00000000d6f865f8) thrown at [C:\re\workspace\8-2-build-windows-amd64-cygwin\jdk8u66\5298\hotspot\src\share\vm\runtime\sharedRuntime.cpp, line 605]
Event: 0.671 Thread 0x0000000002f60800 Exception <a 'java/lang/ArrayIndexOutOfBoundsException'> (0x00000000d7e4fa90) thrown at [C:\re\workspace\8-2-build-windows-amd64-cygwin\jdk8u66\5298\hotspot\src\share\vm\runtime\sharedRuntime.cpp, line 605]
Event: 0.671 Thread 0x0000000002f60800 Exception <a 'java/lang/ArrayIndexOutOfBoundsException'> (0x00000000d7e51438) thrown at [C:\re\workspace\8-2-build-windows-amd64-cygwin\jdk8u66\5298\hotspot\src\share\vm\runtime\sharedRuntime.cpp, line 605]
Event: 0.714 Thread 0x0000000002f60800 Exception <a 'java/lang/ArrayIndexOutOfBoundsException'> (0x00000000d5f92090) thrown at [C:\re\workspace\8-2-build-windows-amd64-cygwin\jdk8u66\5298\hotspot\src\share\vm\runtime\sharedRuntime.cpp, line 605]
Event: 0.720 Thread 0x0000000002f60800 Exception <a 'java/lang/ArrayIndexOutOfBoundsException'> (0x00000000d5fe0150) thrown at [C:\re\workspace\8-2-build-windows-amd64-cygwin\jdk8u66\5298\hotspot\src\share\vm\runtime\sharedRuntime.cpp, line 605]
Event: 0.720 Thread 0x0000000002f60800 Exception <a 'java/lang/ArrayIndexOutOfBoundsException'> (0x00000000d5fe0f58) thrown at [C:\re\workspace\8-2-build-windows-amd64-cygwin\jdk8u66\5298\hotspot\src\share\vm\runtime\sharedRuntime.cpp, line 605]
Event: 1.583 Thread 0x0000000002f60800 Implicit null exception at 0x00000000034209d5 to 0x0000000003420ba5
Event: 1.583 Thread 0x0000000002f60800 Implicit null exception at 0x000000000337052f to 0x0000000003370599
Event: 1.591 Thread 0x0000000002f60800 Implicit null exception at 0x00000000035d9c18 to 0x00000000035dae9d
Event: 1.694 Thread 0x0000000002f60800 Implicit null exception at 0x00000000033b11fb to 0x00000000033b189d

Events (10 events):
Event: 6.138 Thread 0x0000000002f60800 DEOPT PACKING pc=0x00000000036f5d08 sp=0x0000000002e9d970
Event: 6.138 Thread 0x0000000002f60800 DEOPT UNPACKING pc=0x00000000030a582a sp=0x0000000002e9d928 mode 2
Event: 6.138 Thread 0x0000000002f60800 Uncommon trap: trap_request=0xffffffde fr.pc=0x00000000036f5d08
Event: 6.138 Thread 0x0000000002f60800 DEOPT PACKING pc=0x00000000036f5d08 sp=0x0000000002e9d970
Event: 6.138 Thread 0x0000000002f60800 DEOPT UNPACKING pc=0x00000000030a582a sp=0x0000000002e9d928 mode 2
Event: 6.233 Executing VM operation: BulkRevokeBias
Event: 6.233 Executing VM operation: BulkRevokeBias done
Event: 6.421 Thread 0x0000000002f60800 Uncommon trap: trap_request=0xffffff65 fr.pc=0x0000000003c2e600
Event: 6.421 Thread 0x0000000002f60800 DEOPT PACKING pc=0x0000000003c2e600 sp=0x0000000002e9cb70
Event: 6.421 Thread 0x0000000002f60800 DEOPT UNPACKING pc=0x00000000030a582a sp=0x0000000002e9cb00 mode 2


Dynamic libraries:
0x00007ff613470000 - 0x00007ff6134a7000 	C:\Program Files\Java\jdk1.8.0_66\bin\javaw.exe
0x00007ff89e120000 - 0x00007ff89e2e2000 	C:\WINDOWS\SYSTEM32\ntdll.dll
0x00007ff89dd60000 - 0x00007ff89de0d000 	C:\WINDOWS\system32\KERNEL32.DLL
0x00007ff89b5c0000 - 0x00007ff89b79d000 	C:\WINDOWS\system32\KERNELBASE.dll
0x00007ff89cf80000 - 0x00007ff89d026000 	C:\WINDOWS\system32\ADVAPI32.dll
0x00007ff89deb0000 - 0x00007ff89df4d000 	C:\WINDOWS\system32\msvcrt.dll
0x00007ff89d030000 - 0x00007ff89d08b000 	C:\WINDOWS\system32\sechost.dll
0x00007ff89b7f0000 - 0x00007ff89b916000 	C:\WINDOWS\system32\RPCRT4.dll
0x00007ff89d100000 - 0x00007ff89d24e000 	C:\WINDOWS\system32\USER32.dll
0x00007ff89d2f0000 - 0x00007ff89d475000 	C:\WINDOWS\system32\GDI32.dll
0x00007ff8977d0000 - 0x00007ff897a44000 	C:\WINDOWS\WinSxS\amd64_microsoft.windows.common-controls_6595b64144ccf1df_6.0.10240.16384_none_f41f7b285750ef43\COMCTL32.dll
0x00007ff89d250000 - 0x00007ff89d286000 	C:\WINDOWS\system32\IMM32.DLL
0x00007ff89d630000 - 0x00007ff89d78c000 	C:\WINDOWS\system32\MSCTF.dll
0x0000000054820000 - 0x00000000548f2000 	C:\Program Files\Java\jdk1.8.0_66\jre\bin\msvcr100.dll
0x0000000053f90000 - 0x0000000054819000 	C:\Program Files\Java\jdk1.8.0_66\jre\bin\server\jvm.dll
0x00007ff89de30000 - 0x00007ff89de38000 	C:\WINDOWS\system32\PSAPI.DLL
0x00007ff88fc90000 - 0x00007ff88fc99000 	C:\WINDOWS\SYSTEM32\WSOCK32.dll
0x00007ff89d870000 - 0x00007ff89d8d9000 	C:\WINDOWS\system32\WS2_32.dll
0x00007ff89d0f0000 - 0x00007ff89d0f8000 	C:\WINDOWS\system32\NSI.dll
0x00007ff897a50000 - 0x00007ff897a73000 	C:\WINDOWS\SYSTEM32\WINMM.dll
0x00007ff897a90000 - 0x00007ff897a9a000 	C:\WINDOWS\SYSTEM32\VERSION.dll
0x00007ff897500000 - 0x00007ff89752c000 	C:\WINDOWS\SYSTEM32\WINMMBASE.dll
0x00007ff89b7a0000 - 0x00007ff89b7e4000 	C:\WINDOWS\system32\cfgmgr32.dll
0x00007ff899490000 - 0x00007ff8994b7000 	C:\WINDOWS\SYSTEM32\DEVOBJ.dll
0x0000000053f80000 - 0x0000000053f8f000 	C:\Program Files\Java\jdk1.8.0_66\jre\bin\verify.dll
0x0000000053f50000 - 0x0000000053f79000 	C:\Program Files\Java\jdk1.8.0_66\jre\bin\java.dll
0x0000000053f30000 - 0x0000000053f46000 	C:\Program Files\Java\jdk1.8.0_66\jre\bin\zip.dll
0x00007ff89b920000 - 0x00007ff89ce45000 	C:\WINDOWS\system32\SHELL32.dll
0x00007ff89ae20000 - 0x00007ff89b448000 	C:\WINDOWS\system32\windows.storage.dll
0x00007ff89d8e0000 - 0x00007ff89db5c000 	C:\WINDOWS\system32\combase.dll
0x00007ff89d290000 - 0x00007ff89d2e1000 	C:\WINDOWS\system32\shlwapi.dll
0x00007ff89aba0000 - 0x00007ff89abaf000 	C:\WINDOWS\system32\kernel.appcore.dll
0x00007ff89b450000 - 0x00007ff89b503000 	C:\WINDOWS\system32\shcore.dll
0x00007ff89ab50000 - 0x00007ff89ab9a000 	C:\WINDOWS\system32\powrprof.dll
0x00007ff89abb0000 - 0x00007ff89abc3000 	C:\WINDOWS\system32\profapi.dll
0x0000000053f10000 - 0x0000000053f2a000 	C:\Program Files\Java\jdk1.8.0_66\jre\bin\net.dll
0x00007ff89a390000 - 0x00007ff89a3ed000 	C:\WINDOWS\system32\mswsock.dll
0x0000000053ef0000 - 0x0000000053f01000 	C:\Program Files\Java\jdk1.8.0_66\jre\bin\nio.dll

VM Arguments:
jvm_args: -Dmaven.home=EMBEDDED -Dclassworlds.conf=F:\BaiduYunDownload\workspace2\.metadata\.plugins\org.eclipse.m2e.launching\launches\m2conf4523652225322407997.tmp -Dfile.encoding=UTF-8 
java_command: org.codehaus.plexus.classworlds.launcher.Launcher -B tomcat7:redeploy -DskipTests
java_class_path (initial): /C:/Users/LONG/Desktop/eclipse/plugins/org.eclipse.m2e.maven.runtime_1.5.1.20150109-1819/jars/plexus-classworlds-2.5.1.jar
Launcher Type: SUN_STANDARD

Environment Variables:
JAVA_HOME=C:\Program Files\Java\jdk1.8.0_66
PATH=C:/Program Files/Java/jre1.8.0_111/bin/server;C:/Program Files/Java/jre1.8.0_111/bin;C:/Program Files/Java/jre1.8.0_111/lib/amd64;C:\ProgramData\Oracle\Java\javapath;C:\WINDOWS\system32;C:\WINDOWS;C:\WINDOWS\System32\Wbem;C:\WINDOWS\System32\WindowsPowerShell\v1.0\;C:\Program Files\jdk1.8.0_66\bin;C:\Windows.old\Program Files\MacType;C:\nodejs;G:\SDK\tools;G:\SDK\platform-tools;C:\Program Files (x86)\NVIDIA Corporation\PhysX\Common;C:\Program Files\Git\cmd;C:\Program Files\VanDyke Software\Clients\;C:\Program Files (x86)\Microsoft VS Code\bin;C:\Users\LONG\AppData\Roaming\npm;C:\Windows.old\Users\LONG\AppData\Local\atom\bin;C:\Users\LONG\Desktop\eclipse;
USERNAME=LONG
OS=Windows_NT
PROCESSOR_IDENTIFIER=Intel64 Family 6 Model 60 Stepping 3, GenuineIntel



---------------  S Y S T E M  ---------------

OS: Windows 10.0 , 64 bit Build 10240 (10.0.10240.16384)

CPU:total 4 (2 cores per cpu, 2 threads per core) family 6 model 60 stepping 3, cmov, cx8, fxsr, mmx, sse, sse2, sse3, ssse3, sse4.1, sse4.2, popcnt, avx, avx2, aes, clmul, erms, lzcnt, ht, tsc, tscinvbit, bmi1, bmi2

Memory: 4k page, physical 8277272k(609396k free), swap 12342592k(6504k free)

vm_info: Java HotSpot(TM) 64-Bit Server VM (25.66-b18) for windows-amd64 JRE (1.8.0_66-b18), built on Nov  9 2015 10:51:13 by "java_re" with MS VC++ 10.0 (VS2010)

time: Thu Jan 12 22:13:05 2017
elapsed time: 6 seconds (0d 0h 0m 6s)

