#
# There is insufficient memory for the Java Runtime Environment to continue.
# Native memory allocation (malloc) failed to allocate 2131216 bytes for Chunk::new
# Possible reasons:
#   The system is out of physical RAM or swap space
#   In 32 bit mode, the process size limit was hit
# Possible solutions:
#   Reduce memory load on the system
#   Increase physical memory or swap space
#   Check if swap backing store is full
#   Use 64 bit Java on a 64 bit OS
#   Decrease Java heap size (-Xmx/-Xms)
#   Decrease number of Java threads
#   Decrease Java thread stack sizes (-Xss)
#   Set larger code cache with -XX:ReservedCodeCacheSize=
# This output file may be truncated or incomplete.
#
#  Out of Memory Error (allocation.cpp:390), pid=55532, tid=54584
#
# JRE version: Java(TM) SE Runtime Environment (8.0_66-b18) (build 1.8.0_66-b18)
# Java VM: Java HotSpot(TM) 64-Bit Server VM (25.66-b18 mixed mode windows-amd64 compressed oops)
# Failed to write core dump. Minidumps are not enabled by default on client versions of Windows
#

---------------  T H R E A D  ---------------

Current thread (0x000000001750a800):  JavaThread "C2 CompilerThread0" daemon [_thread_in_native, id=54584, stack(0x0000000018a00000,0x0000000018b00000)]

Stack: [0x0000000018a00000,0x0000000018b00000]
[error occurred during error reporting (printing stack bounds), id 0xc0000005]

Native frames: (J=compiled Java code, j=interpreted, Vv=VM code, C=native code)


Current CompileTask:
C2:   7972 3916   !   4       org.apache.catalina.startup.ContextConfig::checkHandlesTypes (453 bytes)


---------------  P R O C E S S  ---------------

Java Threads: ( => current thread )
  0x000000001a044000 JavaThread "localhost-startStop-1" daemon [_thread_in_native, id=52460, stack(0x000000001c4d0000,0x000000001c5d0000)]
  0x0000000018efe800 JavaThread "Tomcat-startStop-1" daemon [_thread_blocked, id=51780, stack(0x000000001b3d0000,0x000000001b4d0000)]
  0x0000000018b8b800 JavaThread "Service Thread" daemon [_thread_blocked, id=51352, stack(0x0000000019100000,0x0000000019200000)]
  0x0000000018b64000 JavaThread "C1 CompilerThread2" daemon [_thread_blocked, id=5876, stack(0x0000000019000000,0x0000000019100000)]
  0x0000000018b59000 JavaThread "C2 CompilerThread1" daemon [_thread_blocked, id=54632, stack(0x0000000018f00000,0x0000000019000000)]
=>0x000000001750a800 JavaThread "C2 CompilerThread0" daemon [_thread_in_native, id=54584, stack(0x0000000018a00000,0x0000000018b00000)]
  0x0000000017509800 JavaThread "Attach Listener" daemon [_thread_blocked, id=55300, stack(0x0000000018900000,0x0000000018a00000)]
  0x00000000174bd800 JavaThread "Signal Dispatcher" daemon [_thread_blocked, id=55292, stack(0x0000000018800000,0x0000000018900000)]
  0x0000000002966000 JavaThread "Finalizer" daemon [_thread_blocked, id=55808, stack(0x0000000018700000,0x0000000018800000)]
  0x000000000295d000 JavaThread "Reference Handler" daemon [_thread_blocked, id=45296, stack(0x0000000018600000,0x0000000018700000)]
  0x0000000002870800 JavaThread "main" [_thread_blocked, id=51444, stack(0x00000000023a0000,0x00000000024a0000)]

Other Threads:
  0x0000000017477800 VMThread [stack: 0x0000000018500000,0x0000000018600000] [id=56008]
  0x0000000018b82800 WatcherThread [stack: 0x0000000019200000,0x0000000019300000] [id=53912]

VM state:not at safepoint (normal execution)

VM Mutex/Monitor currently owned by a thread: None

Heap:
 PSYoungGen      total 210432K, used 84962K [0x00000000d5e00000, 0x00000000e7a00000, 0x0000000100000000)
  eden space 198144K, 36% used [0x00000000d5e00000,0x00000000da4fdbc8,0x00000000e1f80000)
  from space 12288K, 99% used [0x00000000e6e00000,0x00000000e79faea0,0x00000000e7a00000)
  to   space 17920K, 0% used [0x00000000e5700000,0x00000000e5700000,0x00000000e6880000)
 ParOldGen       total 69632K, used 20073K [0x0000000081a00000, 0x0000000085e00000, 0x00000000d5e00000)
  object space 69632K, 28% used [0x0000000081a00000,0x0000000082d9a530,0x0000000085e00000)
 Metaspace       used 22281K, capacity 22738K, committed 23040K, reserved 1069056K
  class space    used 2587K, capacity 2732K, committed 2816K, reserved 1048576K

Card table byte_map: [0x0000000011d30000,0x0000000012130000] byte_map_base: 0x0000000011923000

Marking Bits: (ParMarkBitMap*) 0x000000006754a5b0
 Begin Bits: [0x00000000127e0000, 0x0000000014778000)
 End Bits:   [0x0000000014778000, 0x0000000016710000)

Polling page: 0x0000000000850000

CodeCache: size=245760Kb used=12070Kb max_used=12082Kb free=233689Kb
 bounds [0x0000000002970000, 0x0000000003560000, 0x0000000011970000]
 total_blobs=3774 nmethods=3394 adapters=292
 compilation: enabled

Compilation events (10 events):
Event: 7.907 Thread 0x0000000018b64000 nmethod 3922 0x0000000002f79a90 code [0x0000000002f79c80, 0x0000000002f7a578]
Event: 7.925 Thread 0x0000000018b59000 nmethod 3920 0x0000000003554690 code [0x0000000003554a20, 0x0000000003557978]
Event: 7.925 Thread 0x0000000018b59000 3923       4       org.apache.tomcat.util.bcel.classfile.ConstantPool::getConstantString (103 bytes)
Event: 7.928 Thread 0x0000000018b59000 nmethod 3923 0x00000000034c2510 code [0x00000000034c2680, 0x00000000034c28f8]
Event: 7.928 Thread 0x0000000018b59000 3921   !   4       java.util.zip.ZipFile::getEntry (86 bytes)
Event: 7.938 Thread 0x0000000018b59000 nmethod 3921 0x0000000003539cd0 code [0x0000000003539ea0, 0x000000000353aa80]
Event: 7.938 Thread 0x0000000018b59000 3924       4       java.io.BufferedInputStream::fill (233 bytes)
Event: 7.940 Thread 0x0000000018b59000 nmethod 3924 0x0000000002b0f450 code [0x0000000002b0f5a0, 0x0000000002b0f6d8]
Event: 7.952 Thread 0x0000000018b59000 3925       4       org.apache.tomcat.util.bcel.classfile.ClassParser::readFields (51 bytes)
Event: 7.960 Thread 0x0000000018b59000 nmethod 3925 0x0000000003544550 code [0x0000000003544700, 0x0000000003544cb0]

GC Heap History (10 events):
Event: 3.240 GC heap before
{Heap before GC invocations=3 (full 0):
 PSYoungGen      total 71680K, used 71674K [0x00000000d5e00000, 0x00000000da900000, 0x0000000100000000)
  eden space 66560K, 100% used [0x00000000d5e00000,0x00000000d9f00000,0x00000000d9f00000)
  from space 5120K, 99% used [0x00000000da400000,0x00000000da8fe980,0x00000000da900000)
  to   space 5120K, 0% used [0x00000000d9f00000,0x00000000d9f00000,0x00000000da400000)
 ParOldGen       total 87552K, used 2395K [0x0000000081a00000, 0x0000000086f80000, 0x00000000d5e00000)
  object space 87552K, 2% used [0x0000000081a00000,0x0000000081c56ee0,0x0000000086f80000)
 Metaspace       used 14143K, capacity 14396K, committed 14592K, reserved 1062912K
  class space    used 1685K, capacity 1780K, committed 1792K, reserved 1048576K
Event: 3.253 GC heap after
Heap after GC invocations=3 (full 0):
 PSYoungGen      total 71680K, used 5096K [0x00000000d5e00000, 0x00000000dea00000, 0x0000000100000000)
  eden space 66560K, 0% used [0x00000000d5e00000,0x00000000d5e00000,0x00000000d9f00000)
  from space 5120K, 99% used [0x00000000d9f00000,0x00000000da3fa060,0x00000000da400000)
  to   space 5120K, 0% used [0x00000000de500000,0x00000000de500000,0x00000000dea00000)
 ParOldGen       total 87552K, used 6655K [0x0000000081a00000, 0x0000000086f80000, 0x00000000d5e00000)
  object space 87552K, 7% used [0x0000000081a00000,0x000000008207fdf8,0x0000000086f80000)
 Metaspace       used 14143K, capacity 14396K, committed 14592K, reserved 1062912K
  class space    used 1685K, capacity 1780K, committed 1792K, reserved 1048576K
}
Event: 5.159 GC heap before
{Heap before GC invocations=4 (full 0):
 PSYoungGen      total 71680K, used 71656K [0x00000000d5e00000, 0x00000000dea00000, 0x0000000100000000)
  eden space 66560K, 100% used [0x00000000d5e00000,0x00000000d9f00000,0x00000000d9f00000)
  from space 5120K, 99% used [0x00000000d9f00000,0x00000000da3fa060,0x00000000da400000)
  to   space 5120K, 0% used [0x00000000de500000,0x00000000de500000,0x00000000dea00000)
 ParOldGen       total 87552K, used 6655K [0x0000000081a00000, 0x0000000086f80000, 0x00000000d5e00000)
  object space 87552K, 7% used [0x0000000081a00000,0x000000008207fdf8,0x0000000086f80000)
 Metaspace       used 16640K, capacity 17038K, committed 17280K, reserved 1064960K
  class space    used 1957K, capacity 2069K, committed 2176K, reserved 1048576K
Event: 5.178 GC heap after
Heap after GC invocations=4 (full 0):
 PSYoungGen      total 138240K, used 5088K [0x00000000d5e00000, 0x00000000dea00000, 0x0000000100000000)
  eden space 133120K, 0% used [0x00000000d5e00000,0x00000000d5e00000,0x00000000de000000)
  from space 5120K, 99% used [0x00000000de500000,0x00000000de9f8020,0x00000000dea00000)
  to   space 5120K, 0% used [0x00000000de000000,0x00000000de000000,0x00000000de500000)
 ParOldGen       total 87552K, used 12272K [0x0000000081a00000, 0x0000000086f80000, 0x00000000d5e00000)
  object space 87552K, 14% used [0x0000000081a00000,0x00000000825fc350,0x0000000086f80000)
 Metaspace       used 16640K, capacity 17038K, committed 17280K, reserved 1064960K
  class space    used 1957K, capacity 2069K, committed 2176K, reserved 1048576K
}
Event: 5.981 GC heap before
{Heap before GC invocations=5 (full 0):
 PSYoungGen      total 138240K, used 26495K [0x00000000d5e00000, 0x00000000dea00000, 0x0000000100000000)
  eden space 133120K, 16% used [0x00000000d5e00000,0x00000000d72e7c10,0x00000000de000000)
  from space 5120K, 99% used [0x00000000de500000,0x00000000de9f8020,0x00000000dea00000)
  to   space 5120K, 0% used [0x00000000de000000,0x00000000de000000,0x00000000de500000)
 ParOldGen       total 87552K, used 12272K [0x0000000081a00000, 0x0000000086f80000, 0x00000000d5e00000)
  object space 87552K, 14% used [0x0000000081a00000,0x00000000825fc350,0x0000000086f80000)
 Metaspace       used 20657K, capacity 21126K, committed 21248K, reserved 1069056K
  class space    used 2406K, capacity 2537K, committed 2560K, reserved 1048576K
Event: 5.995 GC heap after
Heap after GC invocations=5 (full 0):
 PSYoungGen      total 138240K, used 5088K [0x00000000d5e00000, 0x00000000e7a00000, 0x0000000100000000)
  eden space 133120K, 0% used [0x00000000d5e00000,0x00000000d5e00000,0x00000000de000000)
  from space 5120K, 99% used [0x00000000de000000,0x00000000de4f8040,0x00000000de500000)
  to   space 12288K, 0% used [0x00000000e6e00000,0x00000000e6e00000,0x00000000e7a00000)
 ParOldGen       total 87552K, used 15291K [0x0000000081a00000, 0x0000000086f80000, 0x00000000d5e00000)
  object space 87552K, 17% used [0x0000000081a00000,0x00000000828eee30,0x0000000086f80000)
 Metaspace       used 20657K, capacity 21126K, committed 21248K, reserved 1069056K
  class space    used 2406K, capacity 2537K, committed 2560K, reserved 1048576K
}
Event: 5.995 GC heap before
{Heap before GC invocations=6 (full 1):
 PSYoungGen      total 138240K, used 5088K [0x00000000d5e00000, 0x00000000e7a00000, 0x0000000100000000)
  eden space 133120K, 0% used [0x00000000d5e00000,0x00000000d5e00000,0x00000000de000000)
  from space 5120K, 99% used [0x00000000de000000,0x00000000de4f8040,0x00000000de500000)
  to   space 12288K, 0% used [0x00000000e6e00000,0x00000000e6e00000,0x00000000e7a00000)
 ParOldGen       total 87552K, used 15291K [0x0000000081a00000, 0x0000000086f80000, 0x00000000d5e00000)
  object space 87552K, 17% used [0x0000000081a00000,0x00000000828eee30,0x0000000086f80000)
 Metaspace       used 20657K, capacity 21126K, committed 21248K, reserved 1069056K
  class space    used 2406K, capacity 2537K, committed 2560K, reserved 1048576K
Event: 6.073 GC heap after
Heap after GC invocations=6 (full 1):
 PSYoungGen      total 138240K, used 0K [0x00000000d5e00000, 0x00000000e7a00000, 0x0000000100000000)
  eden space 133120K, 0% used [0x00000000d5e00000,0x00000000d5e00000,0x00000000de000000)
  from space 5120K, 0% used [0x00000000de000000,0x00000000de000000,0x00000000de500000)
  to   space 12288K, 0% used [0x00000000e6e00000,0x00000000e6e00000,0x00000000e7a00000)
 ParOldGen       total 69632K, used 12852K [0x0000000081a00000, 0x0000000085e00000, 0x00000000d5e00000)
  object space 69632K, 18% used [0x0000000081a00000,0x000000008268d3b0,0x0000000085e00000)
 Metaspace       used 20657K, capacity 21126K, committed 21248K, reserved 1069056K
  class space    used 2406K, capacity 2537K, committed 2560K, reserved 1048576K
}
Event: 7.648 GC heap before
{Heap before GC invocations=7 (full 1):
 PSYoungGen      total 138240K, used 133120K [0x00000000d5e00000, 0x00000000e7a00000, 0x0000000100000000)
  eden space 133120K, 100% used [0x00000000d5e00000,0x00000000de000000,0x00000000de000000)
  from space 5120K, 0% used [0x00000000de000000,0x00000000de000000,0x00000000de500000)
  to   space 12288K, 0% used [0x00000000e6e00000,0x00000000e6e00000,0x00000000e7a00000)
 ParOldGen       total 69632K, used 12852K [0x0000000081a00000, 0x0000000085e00000, 0x00000000d5e00000)
  object space 69632K, 18% used [0x0000000081a00000,0x000000008268d3b0,0x0000000085e00000)
 Metaspace       used 22277K, capacity 22738K, committed 23040K, reserved 1069056K
  class space    used 2587K, capacity 2732K, committed 2816K, reserved 1048576K
Event: 7.666 GC heap after
Heap after GC invocations=7 (full 1):
 PSYoungGen      total 210432K, used 12267K [0x00000000d5e00000, 0x00000000e7a00000, 0x0000000100000000)
  eden space 198144K, 0% used [0x00000000d5e00000,0x00000000d5e00000,0x00000000e1f80000)
  from space 12288K, 99% used [0x00000000e6e00000,0x00000000e79faea0,0x00000000e7a00000)
  to   space 17920K, 0% used [0x00000000e5700000,0x00000000e5700000,0x00000000e6880000)
 ParOldGen       total 69632K, used 20073K [0x0000000081a00000, 0x0000000085e00000, 0x00000000d5e00000)
  object space 69632K, 28% used [0x0000000081a00000,0x0000000082d9a530,0x0000000085e00000)
 Metaspace       used 22277K, capacity 22738K, committed 23040K, reserved 1069056K
  class space    used 2587K, capacity 2732K, committed 2816K, reserved 1048576K
}

Deoptimization events (10 events):
Event: 6.435 Thread 0x000000001a044000 Uncommon trap: reason=unstable_if action=reinterpret pc=0x0000000002b424ac method=java.util.HashMap.putVal(ILjava/lang/Object;Ljava/lang/Object;ZZ)Ljava/lang/Object; @ 193
Event: 6.443 Thread 0x000000001a044000 Uncommon trap: reason=class_check action=maybe_recompile pc=0x00000000030025d8 method=java.util.Hashtable.addEntry(ILjava/lang/Object;Ljava/lang/Object;I)V @ 38
Event: 6.453 Thread 0x000000001a044000 Uncommon trap: reason=unstable_if action=reinterpret pc=0x00000000031746f8 method=com.sun.org.apache.xerces.internal.impl.XMLEntityScanner.peekChar()I @ 14
Event: 7.163 Thread 0x000000001a044000 Uncommon trap: reason=unloaded action=reinterpret pc=0x0000000002eaaac4 method=org.apache.tomcat.util.bcel.classfile.Attribute.readAttribute(Ljava/io/DataInputStream;Lorg/apache/tomcat/util/bcel/classfile/ConstantPool;)Lorg/apache/tomcat/util/bcel/classfil•t ~¨§@
Event: 7.164 Thread 0x000000001a044000 Uncommon trap: reason=unstable_if action=reinterpret pc=0x0000000002b99a08 method=org.codehaus.plexus.classworlds.realm.Entry.matches(Ljava/lang/String;)Z @ 209
Event: 7.181 Thread 0x000000001a044000 Uncommon trap: reason=unstable_if action=reinterpret pc=0x0000000002c257e0 method=org.apache.tomcat.util.bcel.classfile.ConstantUtf8.getCachedInstance(Ljava/lang/String;)Lorg/apache/tomcat/util/bcel/classfile/ConstantUtf8; @ 7
Event: 7.224 Thread 0x000000001a044000 Uncommon trap: reason=unstable_if action=reinterpret pc=0x0000000002efcddc method=java.util.LinkedHashMap.afterNodeInsertion(Z)V @ 18
Event: 7.229 Thread 0x000000001a044000 Uncommon trap: reason=unstable_if action=reinterpret pc=0x0000000002bd0a4c method=java.io.DataInputStream.readUTF(Ljava/io/DataInput;)Ljava/lang/String; @ 112
Event: 7.450 Thread 0x000000001a044000 Uncommon trap: reason=unstable_if action=reinterpret pc=0x000000000321f860 method=java.util.HashMap.removeNode(ILjava/lang/Object;Ljava/lang/Object;ZZ)Ljava/util/HashMap$Node; @ 71
Event: 7.455 Thread 0x000000001a044000 Uncommon trap: reason=unstable_if action=reinterpret pc=0x0000000002b0ff14 method=java.util.HashMap.removeNode(ILjava/lang/Object;Ljava/lang/Object;ZZ)Ljava/util/HashMap$Node; @ 71

Internal exceptions (10 events):
Event: 0.837 Thread 0x0000000002870800 Exception <a 'java/lang/ArrayIndexOutOfBoundsException'> (0x00000000d5e268a0) thrown at [C:\re\workspace\8-2-build-windows-amd64-cygwin\jdk8u66\5298\hotspot\src\share\vm\runtime\sharedRuntime.cpp, line 605]
Event: 0.850 Thread 0x0000000002870800 Exception <a 'java/lang/ArrayIndexOutOfBoundsException'> (0x00000000d5e74938) thrown at [C:\re\workspace\8-2-build-windows-amd64-cygwin\jdk8u66\5298\hotspot\src\share\vm\runtime\sharedRuntime.cpp, line 605]
Event: 0.850 Thread 0x0000000002870800 Exception <a 'java/lang/ArrayIndexOutOfBoundsException'> (0x00000000d5e75740) thrown at [C:\re\workspace\8-2-build-windows-amd64-cygwin\jdk8u66\5298\hotspot\src\share\vm\runtime\sharedRuntime.cpp, line 605]
Event: 1.844 Thread 0x0000000002870800 Implicit null exception at 0x0000000002d1c755 to 0x0000000002d1c925
Event: 1.844 Thread 0x0000000002870800 Implicit null exception at 0x0000000002ba4eaf to 0x0000000002ba4f19
Event: 1.849 Thread 0x0000000002870800 Implicit null exception at 0x0000000002cc02bb to 0x0000000002cc095d
Event: 2.016 Thread 0x0000000002870800 Implicit null exception at 0x0000000002f4f7a4 to 0x0000000002f50939
Event: 5.254 Thread 0x0000000002870800 Exception <a 'java/io/FileNotFoundException'> (0x00000000d5f6a848) thrown at [C:\re\workspace\8-2-build-windows-amd64-cygwin\jdk8u66\5298\hotspot\src\share\vm\prims\jni.cpp, line 709]
Event: 6.263 Thread 0x000000001a044000 Implicit null exception at 0x0000000002ba45d6 to 0x0000000002ba490d
Event: 6.263 Thread 0x000000001a044000 Implicit null exception at 0x0000000002b72456 to 0x0000000002b7277d

Events (10 events):
Event: 7.676 Executing VM operation: RevokeBias done
Event: 7.676 Executing VM operation: RevokeBias
Event: 7.677 Executing VM operation: RevokeBias done
Event: 7.706 Thread 0x0000000018b64000 flushing nmethod 0x0000000003096010
Event: 7.706 Thread 0x0000000018b64000 flushing nmethod 0x000000000314e150
Event: 7.782 Thread 0x0000000018b64000 flushing nmethod 0x00000000034aead0
Event: 7.782 Thread 0x0000000018b64000 flushing nmethod 0x00000000034b9010
Event: 7.782 Thread 0x0000000018b64000 flushing nmethod 0x00000000034c0410
Event: 7.791 Executing VM operation: RevokeBias
Event: 7.792 Executing VM operation: RevokeBias done


Dynamic libraries:
0x00007ff7424f0000 - 0x00007ff742527000 	C:\Program Files\Java\jdk1.8.0_66\bin\javaw.exe
0x00007ffdfdd30000 - 0x00007ffdfdef2000 	C:\WINDOWS\SYSTEM32\ntdll.dll
0x00007ffdfbbd0000 - 0x00007ffdfbc7d000 	C:\WINDOWS\system32\KERNEL32.DLL
0x00007ffdfb220000 - 0x00007ffdfb3fd000 	C:\WINDOWS\system32\KERNELBASE.dll
0x00007ffdfbde0000 - 0x00007ffdfbe86000 	C:\WINDOWS\system32\ADVAPI32.dll
0x00007ffdfbb20000 - 0x00007ffdfbbbd000 	C:\WINDOWS\system32\msvcrt.dll
0x00007ffdfbac0000 - 0x00007ffdfbb1b000 	C:\WINDOWS\system32\sechost.dll
0x00007ffdfc3a0000 - 0x00007ffdfc4c6000 	C:\WINDOWS\system32\RPCRT4.dll
0x00007ffdfbe90000 - 0x00007ffdfbfde000 	C:\WINDOWS\system32\USER32.dll
0x00007ffdfb8d0000 - 0x00007ffdfba55000 	C:\WINDOWS\system32\GDI32.dll
0x00007ffdf6930000 - 0x00007ffdf6ba4000 	C:\WINDOWS\WinSxS\amd64_microsoft.windows.common-controls_6595b64144ccf1df_6.0.10240.16384_none_f41f7b285750ef43\COMCTL32.dll
0x00007ffdfdba0000 - 0x00007ffdfdbd6000 	C:\WINDOWS\system32\IMM32.DLL
0x00007ffdfbc80000 - 0x00007ffdfbddc000 	C:\WINDOWS\system32\MSCTF.dll
0x00000000675d0000 - 0x00000000676a2000 	C:\Program Files\Java\jdk1.8.0_66\jre\bin\msvcr100.dll
0x0000000066d40000 - 0x00000000675c9000 	C:\Program Files\Java\jdk1.8.0_66\jre\bin\server\jvm.dll
0x00007ffdfb8c0000 - 0x00007ffdfb8c8000 	C:\WINDOWS\system32\PSAPI.DLL
0x00007ffdf6be0000 - 0x00007ffdf6c03000 	C:\WINDOWS\SYSTEM32\WINMM.dll
0x00007ffdf7090000 - 0x00007ffdf709a000 	C:\WINDOWS\SYSTEM32\VERSION.dll
0x00007ffdf6900000 - 0x00007ffdf692c000 	C:\WINDOWS\SYSTEM32\WINMMBASE.dll
0x00007ffdf7e90000 - 0x00007ffdf7e99000 	C:\WINDOWS\SYSTEM32\WSOCK32.dll
0x00007ffdfa800000 - 0x00007ffdfa844000 	C:\WINDOWS\system32\cfgmgr32.dll
0x00007ffdfbfe0000 - 0x00007ffdfc049000 	C:\WINDOWS\system32\WS2_32.dll
0x00007ffdfbbc0000 - 0x00007ffdfbbc8000 	C:\WINDOWS\system32\NSI.dll
0x00007ffdf90a0000 - 0x00007ffdf90c7000 	C:\WINDOWS\SYSTEM32\DEVOBJ.dll
0x0000000066d30000 - 0x0000000066d3f000 	C:\Program Files\Java\jdk1.8.0_66\jre\bin\verify.dll
0x0000000066d00000 - 0x0000000066d29000 	C:\Program Files\Java\jdk1.8.0_66\jre\bin\java.dll
0x0000000066ce0000 - 0x0000000066cf6000 	C:\Program Files\Java\jdk1.8.0_66\jre\bin\zip.dll
0x00007ffdfc5b0000 - 0x00007ffdfdad5000 	C:\WINDOWS\system32\SHELL32.dll
0x00007ffdfabf0000 - 0x00007ffdfb218000 	C:\WINDOWS\system32\windows.storage.dll
0x00007ffdfc050000 - 0x00007ffdfc2cc000 	C:\WINDOWS\system32\combase.dll
0x00007ffdfba60000 - 0x00007ffdfbab1000 	C:\WINDOWS\system32\shlwapi.dll
0x00007ffdfa780000 - 0x00007ffdfa78f000 	C:\WINDOWS\system32\kernel.appcore.dll
0x00007ffdfaad0000 - 0x00007ffdfab83000 	C:\WINDOWS\system32\shcore.dll
0x00007ffdfa790000 - 0x00007ffdfa7da000 	C:\WINDOWS\system32\powrprof.dll
0x00007ffdfa7e0000 - 0x00007ffdfa7f3000 	C:\WINDOWS\system32\profapi.dll
0x0000000066cc0000 - 0x0000000066cda000 	C:\Program Files\Java\jdk1.8.0_66\jre\bin\net.dll
0x00007ffdf9fa0000 - 0x00007ffdf9ffd000 	C:\WINDOWS\system32\mswsock.dll
0x0000000066ca0000 - 0x0000000066cb1000 	C:\Program Files\Java\jdk1.8.0_66\jre\bin\nio.dll
0x00007ffdfa000000 - 0x00007ffdfa017000 	C:\WINDOWS\SYSTEM32\CRYPTSP.dll
0x00007ffdfa270000 - 0x00007ffdfa298000 	C:\WINDOWS\SYSTEM32\bcrypt.dll
0x00007ffdf9c50000 - 0x00007ffdf9c83000 	C:\WINDOWS\system32\rsaenh.dll
0x00007ffdf9df0000 - 0x00007ffdf9e0f000 	C:\WINDOWS\SYSTEM32\USERENV.dll
0x00007ffdfa590000 - 0x00007ffdfa5fb000 	C:\WINDOWS\system32\bcryptprimitives.dll
0x00007ffdfa150000 - 0x00007ffdfa15b000 	C:\WINDOWS\SYSTEM32\CRYPTBASE.dll
0x00007ffdf8e30000 - 0x00007ffdf8e68000 	C:\WINDOWS\SYSTEM32\IPHLPAPI.DLL
0x00007ffdf8bc0000 - 0x00007ffdf8bcb000 	C:\WINDOWS\SYSTEM32\WINNSI.DLL
0x00007ffdf7040000 - 0x00007ffdf7056000 	C:\WINDOWS\SYSTEM32\dhcpcsvc6.DLL
0x00007ffdf7020000 - 0x00007ffdf703a000 	C:\WINDOWS\SYSTEM32\dhcpcsvc.DLL
0x0000000066c90000 - 0x0000000066c9d000 	C:\Program Files\Java\jdk1.8.0_66\jre\bin\management.dll

VM Arguments:
jvm_args: -Dmaven.home=EMBEDDED -Dclassworlds.conf=F:\BaiduYunDownload\workspace2\.metadata\.plugins\org.eclipse.m2e.launching\launches\m2conf4072936521917808498.tmp -Dfile.encoding=UTF-8 
java_command: org.codehaus.plexus.classworlds.launcher.Launcher -B tomcat7:run
java_class_path (initial): /C:/Users/LONG/Desktop/eclipse/plugins/org.eclipse.m2e.maven.runtime_1.5.1.20150109-1819/jars/plexus-classworlds-2.5.1.jar
Launcher Type: SUN_STANDARD

Environment Variables:
JAVA_HOME=C:\Program Files\Java\jdk1.8.0_66
PATH=C:/Program Files/Java/jre1.8.0_111/bin/server;C:/Program Files/Java/jre1.8.0_111/bin;C:/Program Files/Java/jre1.8.0_111/lib/amd64;C:\ProgramData\Oracle\Java\javapath;C:\WINDOWS\system32;C:\WINDOWS;C:\WINDOWS\System32\Wbem;C:\WINDOWS\System32\WindowsPowerShell\v1.0\;C:\Program Files\jdk1.8.0_66\bin;C:\Windows.old\Program Files\MacType;C:\nodejs;G:\SDK\tools;G:\SDK\platform-tools;C:\Program Files (x86)\NVIDIA Corporation\PhysX\Common;C:\Program Files\Git\cmd;C:\Program Files\VanDyke Software\Clients\;C:\Program Files (x86)\Microsoft VS Code\bin;C:\Users\LONG\AppData\Roaming\npm;C:\Windows.old\Users\LONG\AppData\Local\atom\bin;C:\Users\LONG\Desktop\eclipse;
USERNAME=LONG
OS=Windows_NT
PROCESSOR_IDENTIFIER=Intel64 Family 6 Model 60 Stepping 3, GenuineIntel



---------------  S Y S T E M  ---------------

OS: Windows 10.0 , 64 bit Build 10240 (10.0.10240.16384)

CPU:total 4 (2 cores per cpu, 2 threads per core) family 6 model 60 stepping 3, cmov, cx8, fxsr, mmx, sse, sse2, sse3, ssse3, sse4.1, sse4.2, popcnt, avx, avx2, aes, clmul, erms, lzcnt, ht, tsc, tscinvbit, bmi1, bmi2

Memory: 4k page, physical 8277272k(447012k free), swap 12342592k(6852k free)

vm_info: Java HotSpot(TM) 64-Bit Server VM (25.66-b18) for windows-amd64 JRE (1.8.0_66-b18), built on Nov  9 2015 10:51:13 by "java_re" with MS VC++ 10.0 (VS2010)

time: Sat Jan 14 20:30:27 2017
elapsed time: 7 seconds (0d 0h 0m 7s)

