#
# There is insufficient memory for the Java Runtime Environment to continue.
# Native memory allocation (malloc) failed to allocate 903296 bytes for Chunk::new
# Possible reasons:
#   The system is out of physical RAM or swap space
#   In 32 bit mode, the process size limit was hit
# Possible solutions:
#   Reduce memory load on the system
#   Increase physical memory or swap space
#   Check if swap backing store is full
#   Use 64 bit Java on a 64 bit OS
#   Decrease Java heap size (-Xmx/-Xms)
#   Decrease number of Java threads
#   Decrease Java thread stack sizes (-Xss)
#   Set larger code cache with -XX:ReservedCodeCacheSize=
# This output file may be truncated or incomplete.
#
#  Out of Memory Error (allocation.cpp:390), pid=55304, tid=53684
#
# JRE version: Java(TM) SE Runtime Environment (8.0_66-b18) (build 1.8.0_66-b18)
# Java VM: Java HotSpot(TM) 64-Bit Server VM (25.66-b18 mixed mode windows-amd64 compressed oops)
# Failed to write core dump. Minidumps are not enabled by default on client versions of Windows
#

---------------  T H R E A D  ---------------

Current thread (0x000000001768b000):  JavaThread "C2 CompilerThread0" daemon [_thread_in_native, id=53684, stack(0x0000000018c10000,0x0000000018d10000)]

Stack: [0x0000000018c10000,0x0000000018d10000]
[error occurred during error reporting (printing stack bounds), id 0xc0000005]

Native frames: (J=compiled Java code, j=interpreted, Vv=VM code, C=native code)


Current CompileTask:
C2:   4412 2914       4       org.eclipse.aether.util.graph.transformer.ConflictResolver::gatherConflictItems (111 bytes)


---------------  P R O C E S S  ---------------

Java Threads: ( => current thread )
  0x0000000018d79800 JavaThread "Service Thread" daemon [_thread_blocked, id=55904, stack(0x0000000019310000,0x0000000019410000)]
  0x0000000018d38000 JavaThread "C1 CompilerThread2" daemon [_thread_blocked, id=54124, stack(0x0000000019210000,0x0000000019310000)]
  0x0000000018d12000 JavaThread "C2 CompilerThread1" daemon [_thread_in_native, id=56184, stack(0x0000000019110000,0x0000000019210000)]
=>0x000000001768b000 JavaThread "C2 CompilerThread0" daemon [_thread_in_native, id=53684, stack(0x0000000018c10000,0x0000000018d10000)]
  0x000000001763e800 JavaThread "Attach Listener" daemon [_thread_blocked, id=55688, stack(0x0000000018b10000,0x0000000018c10000)]
  0x0000000017628800 JavaThread "Signal Dispatcher" daemon [_thread_blocked, id=55208, stack(0x0000000018a10000,0x0000000018b10000)]
  0x0000000002ae7000 JavaThread "Finalizer" daemon [_thread_blocked, id=4372, stack(0x00000000188b0000,0x00000000189b0000)]
  0x0000000002ade000 JavaThread "Reference Handler" daemon [_thread_blocked, id=54208, stack(0x00000000187b0000,0x00000000188b0000)]
  0x00000000029f0800 JavaThread "main" [_thread_in_Java, id=56288, stack(0x00000000028f0000,0x00000000029f0000)]

Other Threads:
  0x00000000175f7800 VMThread [stack: 0x00000000186b0000,0x00000000187b0000] [id=51492]
  0x0000000018dec000 WatcherThread [stack: 0x0000000019410000,0x0000000019510000] [id=55628]

VM state:not at safepoint (normal execution)

VM Mutex/Monitor currently owned by a thread: None

Heap:
 PSYoungGen      total 38400K, used 13175K [0x00000000d5e00000, 0x00000000d8880000, 0x0000000100000000)
  eden space 33280K, 24% used [0x00000000d5e00000,0x00000000d65dfd70,0x00000000d7e80000)
  from space 5120K, 99% used [0x00000000d7e80000,0x00000000d837e030,0x00000000d8380000)
  to   space 5120K, 0% used [0x00000000d8380000,0x00000000d8380000,0x00000000d8880000)
 ParOldGen       total 87552K, used 9737K [0x0000000081a00000, 0x0000000086f80000, 0x00000000d5e00000)
  object space 87552K, 11% used [0x0000000081a00000,0x00000000823827b0,0x0000000086f80000)
 Metaspace       used 15504K, capacity 15978K, committed 16384K, reserved 1062912K
  class space    used 1802K, capacity 1924K, committed 2048K, reserved 1048576K

Card table byte_map: [0x0000000011eb0000,0x00000000122b0000] byte_map_base: 0x0000000011aa3000

Marking Bits: (ParMarkBitMap*) 0x000000006754a5b0
 Begin Bits: [0x0000000012960000, 0x00000000148f8000)
 End Bits:   [0x00000000148f8000, 0x0000000016890000)

Polling page: 0x0000000000cf0000

CodeCache: size=245760Kb used=10158Kb max_used=10158Kb free=235602Kb
 bounds [0x0000000002af0000, 0x00000000034f0000, 0x0000000011af0000]
 total_blobs=3269 nmethods=2935 adapters=246
 compilation: enabled

Compilation events (10 events):
Event: 4.399 Thread 0x0000000018d38000 2935       3       sun.nio.cs.UTF_8::newEncoder (10 bytes)
Event: 4.400 Thread 0x0000000018d38000 nmethod 2935 0x00000000034df450 code [0x00000000034df600, 0x00000000034df9c8]
Event: 4.400 Thread 0x0000000018d38000 2934   !   3       java.lang.StringCoding$StringEncoder::encode (179 bytes)
Event: 4.401 Thread 0x0000000018d38000 nmethod 2934 0x00000000034dfbd0 code [0x00000000034dff20, 0x00000000034e1bf8]
Event: 4.401 Thread 0x0000000018d38000 2936       3       java.util.jar.JarFile::<init> (12 bytes)
Event: 4.402 Thread 0x0000000018d38000 nmethod 2936 0x00000000034e2d10 code [0x00000000034e2e80, 0x00000000034e3088]
Event: 4.402 Thread 0x0000000018d38000 2937       3       java.util.zip.ZipFile::<init> (10 bytes)
Event: 4.402 Thread 0x0000000018d38000 nmethod 2937 0x00000000034e3150 code [0x00000000034e32c0, 0x00000000034e3448]
Event: 4.403 Thread 0x0000000018d38000 2938       3       org.eclipse.sisu.wire.DependencyAnalyzer::analyzeDependencies (78 bytes)
Event: 4.404 Thread 0x0000000018d38000 nmethod 2938 0x00000000034e34d0 code [0x00000000034e36e0, 0x00000000034e4238]

GC Heap History (10 events):
Event: 0.865 GC heap before
{Heap before GC invocations=1 (full 0):
 PSYoungGen      total 38400K, used 33280K [0x00000000d5e00000, 0x00000000d8880000, 0x0000000100000000)
  eden space 33280K, 100% used [0x00000000d5e00000,0x00000000d7e80000,0x00000000d7e80000)
  from space 5120K, 0% used [0x00000000d8380000,0x00000000d8380000,0x00000000d8880000)
  to   space 5120K, 0% used [0x00000000d7e80000,0x00000000d7e80000,0x00000000d8380000)
 ParOldGen       total 87552K, used 0K [0x0000000081a00000, 0x0000000086f80000, 0x00000000d5e00000)
  object space 87552K, 0% used [0x0000000081a00000,0x0000000081a00000,0x0000000086f80000)
 Metaspace       used 7468K, capacity 7624K, committed 7680K, reserved 1056768K
  class space    used 926K, capacity 988K, committed 1024K, reserved 1048576K
Event: 0.871 GC heap after
Heap after GC invocations=1 (full 0):
 PSYoungGen      total 38400K, used 4500K [0x00000000d5e00000, 0x00000000d8880000, 0x0000000100000000)
  eden space 33280K, 0% used [0x00000000d5e00000,0x00000000d5e00000,0x00000000d7e80000)
  from space 5120K, 87% used [0x00000000d7e80000,0x00000000d82e5230,0x00000000d8380000)
  to   space 5120K, 0% used [0x00000000d8380000,0x00000000d8380000,0x00000000d8880000)
 ParOldGen       total 87552K, used 16K [0x0000000081a00000, 0x0000000086f80000, 0x00000000d5e00000)
  object space 87552K, 0% used [0x0000000081a00000,0x0000000081a04000,0x0000000086f80000)
 Metaspace       used 7468K, capacity 7624K, committed 7680K, reserved 1056768K
  class space    used 926K, capacity 988K, committed 1024K, reserved 1048576K
}
Event: 1.605 GC heap before
{Heap before GC invocations=2 (full 0):
 PSYoungGen      total 38400K, used 37780K [0x00000000d5e00000, 0x00000000d8880000, 0x0000000100000000)
  eden space 33280K, 100% used [0x00000000d5e00000,0x00000000d7e80000,0x00000000d7e80000)
  from space 5120K, 87% used [0x00000000d7e80000,0x00000000d82e5230,0x00000000d8380000)
  to   space 5120K, 0% used [0x00000000d8380000,0x00000000d8380000,0x00000000d8880000)
 ParOldGen       total 87552K, used 16K [0x0000000081a00000, 0x0000000086f80000, 0x00000000d5e00000)
  object space 87552K, 0% used [0x0000000081a00000,0x0000000081a04000,0x0000000086f80000)
 Metaspace       used 11797K, capacity 12026K, committed 12160K, reserved 1060864K
  class space    used 1480K, capacity 1577K, committed 1664K, reserved 1048576K
Event: 1.613 GC heap after
Heap after GC invocations=2 (full 0):
 PSYoungGen      total 38400K, used 5115K [0x00000000d5e00000, 0x00000000d8880000, 0x0000000100000000)
  eden space 33280K, 0% used [0x00000000d5e00000,0x00000000d5e00000,0x00000000d7e80000)
  from space 5120K, 99% used [0x00000000d8380000,0x00000000d887eea0,0x00000000d8880000)
  to   space 5120K, 0% used [0x00000000d7e80000,0x00000000d7e80000,0x00000000d8380000)
 ParOldGen       total 87552K, used 2373K [0x0000000081a00000, 0x0000000086f80000, 0x00000000d5e00000)
  object space 87552K, 2% used [0x0000000081a00000,0x0000000081c517a0,0x0000000086f80000)
 Metaspace       used 11797K, capacity 12026K, committed 12160K, reserved 1060864K
  class space    used 1480K, capacity 1577K, committed 1664K, reserved 1048576K
}
Event: 2.556 GC heap before
{Heap before GC invocations=3 (full 0):
 PSYoungGen      total 38400K, used 38395K [0x00000000d5e00000, 0x00000000d8880000, 0x0000000100000000)
  eden space 33280K, 100% used [0x00000000d5e00000,0x00000000d7e80000,0x00000000d7e80000)
  from space 5120K, 99% used [0x00000000d8380000,0x00000000d887eea0,0x00000000d8880000)
  to   space 5120K, 0% used [0x00000000d7e80000,0x00000000d7e80000,0x00000000d8380000)
 ParOldGen       total 87552K, used 2373K [0x0000000081a00000, 0x0000000086f80000, 0x00000000d5e00000)
  object space 87552K, 2% used [0x0000000081a00000,0x0000000081c517a0,0x0000000086f80000)
 Metaspace       used 13705K, capacity 13970K, committed 14080K, reserved 1060864K
  class space    used 1664K, capacity 1773K, committed 1792K, reserved 1048576K
Event: 2.573 GC heap after
Heap after GC invocations=3 (full 0):
 PSYoungGen      total 38400K, used 5096K [0x00000000d5e00000, 0x00000000d8880000, 0x0000000100000000)
  eden space 33280K, 0% used [0x00000000d5e00000,0x00000000d5e00000,0x00000000d7e80000)
  from space 5120K, 99% used [0x00000000d7e80000,0x00000000d837a040,0x00000000d8380000)
  to   space 5120K, 0% used [0x00000000d8380000,0x00000000d8380000,0x00000000d8880000)
 ParOldGen       total 87552K, used 5084K [0x0000000081a00000, 0x0000000086f80000, 0x00000000d5e00000)
  object space 87552K, 5% used [0x0000000081a00000,0x0000000081ef7110,0x0000000086f80000)
 Metaspace       used 13705K, capacity 13970K, committed 14080K, reserved 1060864K
  class space    used 1664K, capacity 1773K, committed 1792K, reserved 1048576K
}
Event: 3.355 GC heap before
{Heap before GC invocations=4 (full 0):
 PSYoungGen      total 38400K, used 38376K [0x00000000d5e00000, 0x00000000d8880000, 0x0000000100000000)
  eden space 33280K, 100% used [0x00000000d5e00000,0x00000000d7e80000,0x00000000d7e80000)
  from space 5120K, 99% used [0x00000000d7e80000,0x00000000d837a040,0x00000000d8380000)
  to   space 5120K, 0% used [0x00000000d8380000,0x00000000d8380000,0x00000000d8880000)
 ParOldGen       total 87552K, used 5084K [0x0000000081a00000, 0x0000000086f80000, 0x00000000d5e00000)
  object space 87552K, 5% used [0x0000000081a00000,0x0000000081ef7110,0x0000000086f80000)
 Metaspace       used 14141K, capacity 14448K, committed 14592K, reserved 1062912K
  class space    used 1683K, capacity 1778K, committed 1792K, reserved 1048576K
Event: 3.364 GC heap after
Heap after GC invocations=4 (full 0):
 PSYoungGen      total 38400K, used 5096K [0x00000000d5e00000, 0x00000000d8880000, 0x0000000100000000)
  eden space 33280K, 0% used [0x00000000d5e00000,0x00000000d5e00000,0x00000000d7e80000)
  from space 5120K, 99% used [0x00000000d8380000,0x00000000d887a020,0x00000000d8880000)
  to   space 5120K, 0% used [0x00000000d7e80000,0x00000000d7e80000,0x00000000d8380000)
 ParOldGen       total 87552K, used 7252K [0x0000000081a00000, 0x0000000086f80000, 0x00000000d5e00000)
  object space 87552K, 8% used [0x0000000081a00000,0x0000000082115388,0x0000000086f80000)
 Metaspace       used 14141K, capacity 14448K, committed 14592K, reserved 1062912K
  class space    used 1683K, capacity 1778K, committed 1792K, reserved 1048576K
}
Event: 4.231 GC heap before
{Heap before GC invocations=5 (full 0):
 PSYoungGen      total 38400K, used 38376K [0x00000000d5e00000, 0x00000000d8880000, 0x0000000100000000)
  eden space 33280K, 100% used [0x00000000d5e00000,0x00000000d7e80000,0x00000000d7e80000)
  from space 5120K, 99% used [0x00000000d8380000,0x00000000d887a020,0x00000000d8880000)
  to   space 5120K, 0% used [0x00000000d7e80000,0x00000000d7e80000,0x00000000d8380000)
 ParOldGen       total 87552K, used 7252K [0x0000000081a00000, 0x0000000086f80000, 0x00000000d5e00000)
  object space 87552K, 8% used [0x0000000081a00000,0x0000000082115388,0x0000000086f80000)
 Metaspace       used 15345K, capacity 15736K, committed 16000K, reserved 1062912K
  class space    used 1794K, capacity 1890K, committed 1920K, reserved 1048576K
Event: 4.242 GC heap after
Heap after GC invocations=5 (full 0):
 PSYoungGen      total 38400K, used 5112K [0x00000000d5e00000, 0x00000000d8880000, 0x0000000100000000)
  eden space 33280K, 0% used [0x00000000d5e00000,0x00000000d5e00000,0x00000000d7e80000)
  from space 5120K, 99% used [0x00000000d7e80000,0x00000000d837e030,0x00000000d8380000)
  to   space 5120K, 0% used [0x00000000d8380000,0x00000000d8380000,0x00000000d8880000)
 ParOldGen       total 87552K, used 9737K [0x0000000081a00000, 0x0000000086f80000, 0x00000000d5e00000)
  object space 87552K, 11% used [0x0000000081a00000,0x00000000823827b0,0x0000000086f80000)
 Metaspace       used 15345K, capacity 15736K, committed 16000K, reserved 1062912K
  class space    used 1794K, capacity 1890K, committed 1920K, reserved 1048576K
}

Deoptimization events (10 events):
Event: 3.252 Thread 0x00000000029f0800 Uncommon trap: reason=speculate_class_check action=maybe_recompile pc=0x000000000321d4cc method=java.nio.charset.CharsetDecoder.decode(Ljava/nio/ByteBuffer;Ljava/nio/CharBuffer;Z)Ljava/nio/charset/CoderResult; @ 57
Event: 3.253 Thread 0x00000000029f0800 Uncommon trap: reason=speculate_class_check action=maybe_recompile pc=0x000000000321d4cc method=java.nio.charset.CharsetDecoder.decode(Ljava/nio/ByteBuffer;Ljava/nio/CharBuffer;Z)Ljava/nio/charset/CoderResult; @ 57
Event: 3.253 Thread 0x00000000029f0800 Uncommon trap: reason=speculate_class_check action=maybe_recompile pc=0x000000000321d4cc method=java.nio.charset.CharsetDecoder.decode(Ljava/nio/ByteBuffer;Ljava/nio/CharBuffer;Z)Ljava/nio/charset/CoderResult; @ 57
Event: 3.647 Thread 0x00000000029f0800 Uncommon trap: reason=class_check action=maybe_recompile pc=0x000000000327393c method=org.eclipse.sisu.plexus.RealmFilter$FilteredItr.hasNext()Z @ 34
Event: 3.648 Thread 0x00000000029f0800 Uncommon trap: reason=class_check action=maybe_recompile pc=0x000000000327393c method=org.eclipse.sisu.plexus.RealmFilter$FilteredItr.hasNext()Z @ 34
Event: 3.649 Thread 0x00000000029f0800 Uncommon trap: reason=class_check action=maybe_recompile pc=0x000000000327393c method=org.eclipse.sisu.plexus.RealmFilter$FilteredItr.hasNext()Z @ 34
Event: 3.684 Thread 0x00000000029f0800 Uncommon trap: reason=unstable_if action=reinterpret pc=0x00000000031bc5c0 method=java.util.ArrayList.remove(Ljava/lang/Object;)Z @ 46
Event: 4.093 Thread 0x00000000029f0800 Uncommon trap: reason=unstable_if action=reinterpret pc=0x00000000033b8a68 method=sun.net.www.protocol.jar.Handler.parseURL(Ljava/net/URL;Ljava/lang/String;II)V @ 94
Event: 4.125 Thread 0x00000000029f0800 Uncommon trap: reason=class_check action=maybe_recompile pc=0x000000000327393c method=org.eclipse.sisu.plexus.RealmFilter$FilteredItr.hasNext()Z @ 34
Event: 4.219 Thread 0x00000000029f0800 Uncommon trap: reason=unstable_if action=reinterpret pc=0x0000000002e7a0b0 method=java.util.concurrent.ConcurrentHashMap.putVal(Ljava/lang/Object;Ljava/lang/Object;Z)Ljava/lang/Object; @ 206

Internal exceptions (10 events):
Event: 0.500 Thread 0x00000000029f0800 Exception <a 'java/lang/ArrayIndexOutOfBoundsException'> (0x00000000d6f85fc0) thrown at [C:\re\workspace\8-2-build-windows-amd64-cygwin\jdk8u66\5298\hotspot\src\share\vm\runtime\sharedRuntime.cpp, line 605]
Event: 0.829 Thread 0x00000000029f0800 Exception <a 'java/lang/ArrayIndexOutOfBoundsException'> (0x00000000d7d6ce08) thrown at [C:\re\workspace\8-2-build-windows-amd64-cygwin\jdk8u66\5298\hotspot\src\share\vm\runtime\sharedRuntime.cpp, line 605]
Event: 0.829 Thread 0x00000000029f0800 Exception <a 'java/lang/ArrayIndexOutOfBoundsException'> (0x00000000d7d6e7b0) thrown at [C:\re\workspace\8-2-build-windows-amd64-cygwin\jdk8u66\5298\hotspot\src\share\vm\runtime\sharedRuntime.cpp, line 605]
Event: 0.886 Thread 0x00000000029f0800 Exception <a 'java/lang/ArrayIndexOutOfBoundsException'> (0x00000000d5e59260) thrown at [C:\re\workspace\8-2-build-windows-amd64-cygwin\jdk8u66\5298\hotspot\src\share\vm\runtime\sharedRuntime.cpp, line 605]
Event: 0.896 Thread 0x00000000029f0800 Exception <a 'java/lang/ArrayIndexOutOfBoundsException'> (0x00000000d5ea72f8) thrown at [C:\re\workspace\8-2-build-windows-amd64-cygwin\jdk8u66\5298\hotspot\src\share\vm\runtime\sharedRuntime.cpp, line 605]
Event: 0.896 Thread 0x00000000029f0800 Exception <a 'java/lang/ArrayIndexOutOfBoundsException'> (0x00000000d5ea8100) thrown at [C:\re\workspace\8-2-build-windows-amd64-cygwin\jdk8u66\5298\hotspot\src\share\vm\runtime\sharedRuntime.cpp, line 605]
Event: 2.038 Thread 0x00000000029f0800 Implicit null exception at 0x0000000002e7b015 to 0x0000000002e7b1e5
Event: 2.038 Thread 0x00000000029f0800 Implicit null exception at 0x0000000002eb71ef to 0x0000000002eb7259
Event: 2.047 Thread 0x00000000029f0800 Implicit null exception at 0x000000000306ce18 to 0x000000000306e0a9
Event: 2.127 Thread 0x00000000029f0800 Implicit null exception at 0x0000000002e4abbb to 0x0000000002e4b25d

Events (10 events):
Event: 4.409 loading class org/apache/maven/plugin/surefire/ProviderInfo
Event: 4.409 loading class org/apache/maven/plugin/surefire/ProviderInfo done
Event: 4.409 loading class org/apache/maven/plugin/surefire/ProviderInfo
Event: 4.409 loading class org/apache/maven/plugin/surefire/ProviderInfo done
Event: 4.409 loading class org/apache/maven/plugin/surefire/ProviderInfo
Event: 4.409 loading class org/apache/maven/plugin/surefire/ProviderInfo done
Event: 4.410 loading class org/apache/maven/surefire/booter/SurefireExecutionException
Event: 4.410 loading class org/apache/maven/surefire/booter/SurefireExecutionException done
Event: 4.410 loading class org/apache/maven/surefire/booter/SurefireExecutionException
Event: 4.410 loading class org/apache/maven/surefire/booter/SurefireExecutionException done


Dynamic libraries:
0x00007ff7424f0000 - 0x00007ff742527000 	C:\Program Files\Java\jdk1.8.0_66\bin\javaw.exe
0x00007ffdfdd30000 - 0x00007ffdfdef2000 	C:\WINDOWS\SYSTEM32\ntdll.dll
0x00007ffdfbbd0000 - 0x00007ffdfbc7d000 	C:\WINDOWS\system32\KERNEL32.DLL
0x00007ffdfb220000 - 0x00007ffdfb3fd000 	C:\WINDOWS\system32\KERNELBASE.dll
0x00007ffdfbde0000 - 0x00007ffdfbe86000 	C:\WINDOWS\system32\ADVAPI32.dll
0x00007ffdfbb20000 - 0x00007ffdfbbbd000 	C:\WINDOWS\system32\msvcrt.dll
0x00007ffdfbac0000 - 0x00007ffdfbb1b000 	C:\WINDOWS\system32\sechost.dll
0x00007ffdfc3a0000 - 0x00007ffdfc4c6000 	C:\WINDOWS\system32\RPCRT4.dll
0x00007ffdfbe90000 - 0x00007ffdfbfde000 	C:\WINDOWS\system32\USER32.dll
0x00007ffdfb8d0000 - 0x00007ffdfba55000 	C:\WINDOWS\system32\GDI32.dll
0x00007ffdf6930000 - 0x00007ffdf6ba4000 	C:\WINDOWS\WinSxS\amd64_microsoft.windows.common-controls_6595b64144ccf1df_6.0.10240.16384_none_f41f7b285750ef43\COMCTL32.dll
0x00007ffdfdba0000 - 0x00007ffdfdbd6000 	C:\WINDOWS\system32\IMM32.DLL
0x00007ffdfbc80000 - 0x00007ffdfbddc000 	C:\WINDOWS\system32\MSCTF.dll
0x00000000675d0000 - 0x00000000676a2000 	C:\Program Files\Java\jdk1.8.0_66\jre\bin\msvcr100.dll
0x0000000066d40000 - 0x00000000675c9000 	C:\Program Files\Java\jdk1.8.0_66\jre\bin\server\jvm.dll
0x00007ffdfb8c0000 - 0x00007ffdfb8c8000 	C:\WINDOWS\system32\PSAPI.DLL
0x00007ffdf6be0000 - 0x00007ffdf6c03000 	C:\WINDOWS\SYSTEM32\WINMM.dll
0x00007ffdf7090000 - 0x00007ffdf709a000 	C:\WINDOWS\SYSTEM32\VERSION.dll
0x00007ffdf7e90000 - 0x00007ffdf7e99000 	C:\WINDOWS\SYSTEM32\WSOCK32.dll
0x00007ffdfbfe0000 - 0x00007ffdfc049000 	C:\WINDOWS\system32\WS2_32.dll
0x00007ffdfbbc0000 - 0x00007ffdfbbc8000 	C:\WINDOWS\system32\NSI.dll
0x00007ffdf6900000 - 0x00007ffdf692c000 	C:\WINDOWS\SYSTEM32\WINMMBASE.dll
0x00007ffdfa800000 - 0x00007ffdfa844000 	C:\WINDOWS\system32\cfgmgr32.dll
0x00007ffdf90a0000 - 0x00007ffdf90c7000 	C:\WINDOWS\SYSTEM32\DEVOBJ.dll
0x0000000066d30000 - 0x0000000066d3f000 	C:\Program Files\Java\jdk1.8.0_66\jre\bin\verify.dll
0x0000000066d00000 - 0x0000000066d29000 	C:\Program Files\Java\jdk1.8.0_66\jre\bin\java.dll
0x0000000066ce0000 - 0x0000000066cf6000 	C:\Program Files\Java\jdk1.8.0_66\jre\bin\zip.dll
0x00007ffdfc5b0000 - 0x00007ffdfdad5000 	C:\WINDOWS\system32\SHELL32.dll
0x00007ffdfabf0000 - 0x00007ffdfb218000 	C:\WINDOWS\system32\windows.storage.dll
0x00007ffdfc050000 - 0x00007ffdfc2cc000 	C:\WINDOWS\system32\combase.dll
0x00007ffdfba60000 - 0x00007ffdfbab1000 	C:\WINDOWS\system32\shlwapi.dll
0x00007ffdfa780000 - 0x00007ffdfa78f000 	C:\WINDOWS\system32\kernel.appcore.dll
0x00007ffdfaad0000 - 0x00007ffdfab83000 	C:\WINDOWS\system32\shcore.dll
0x00007ffdfa790000 - 0x00007ffdfa7da000 	C:\WINDOWS\system32\powrprof.dll
0x00007ffdfa7e0000 - 0x00007ffdfa7f3000 	C:\WINDOWS\system32\profapi.dll
0x0000000066cc0000 - 0x0000000066cda000 	C:\Program Files\Java\jdk1.8.0_66\jre\bin\net.dll
0x00007ffdf9fa0000 - 0x00007ffdf9ffd000 	C:\WINDOWS\system32\mswsock.dll
0x0000000066ca0000 - 0x0000000066cb1000 	C:\Program Files\Java\jdk1.8.0_66\jre\bin\nio.dll

VM Arguments:
jvm_args: -Dmaven.home=EMBEDDED -Dclassworlds.conf=F:\BaiduYunDownload\workspace2\.metadata\.plugins\org.eclipse.m2e.launching\launches\m2conf7998391818738094278.tmp -Dfile.encoding=UTF-8 
java_command: org.codehaus.plexus.classworlds.launcher.Launcher -B tomcat7:redeploy -DskipTests
java_class_path (initial): /C:/Users/LONG/Desktop/eclipse/plugins/org.eclipse.m2e.maven.runtime_1.5.1.20150109-1819/jars/plexus-classworlds-2.5.1.jar
Launcher Type: SUN_STANDARD

Environment Variables:
JAVA_HOME=C:\Program Files\Java\jdk1.8.0_66
PATH=C:/Program Files/Java/jre1.8.0_111/bin/server;C:/Program Files/Java/jre1.8.0_111/bin;C:/Program Files/Java/jre1.8.0_111/lib/amd64;C:\ProgramData\Oracle\Java\javapath;C:\WINDOWS\system32;C:\WINDOWS;C:\WINDOWS\System32\Wbem;C:\WINDOWS\System32\WindowsPowerShell\v1.0\;C:\Program Files\jdk1.8.0_66\bin;C:\Windows.old\Program Files\MacType;C:\nodejs;G:\SDK\tools;G:\SDK\platform-tools;C:\Program Files (x86)\NVIDIA Corporation\PhysX\Common;C:\Program Files\Git\cmd;C:\Program Files\VanDyke Software\Clients\;C:\Program Files (x86)\Microsoft VS Code\bin;C:\Users\LONG\AppData\Roaming\npm;C:\Windows.old\Users\LONG\AppData\Local\atom\bin;C:\Users\LONG\Desktop\eclipse;
USERNAME=LONG
OS=Windows_NT
PROCESSOR_IDENTIFIER=Intel64 Family 6 Model 60 Stepping 3, GenuineIntel



---------------  S Y S T E M  ---------------

OS: Windows 10.0 , 64 bit Build 10240 (10.0.10240.16384)

CPU:total 4 (2 cores per cpu, 2 threads per core) family 6 model 60 stepping 3, cmov, cx8, fxsr, mmx, sse, sse2, sse3, ssse3, sse4.1, sse4.2, popcnt, avx, avx2, aes, clmul, erms, lzcnt, ht, tsc, tscinvbit, bmi1, bmi2

Memory: 4k page, physical 8277272k(637360k free), swap 12342592k(5544k free)

vm_info: Java HotSpot(TM) 64-Bit Server VM (25.66-b18) for windows-amd64 JRE (1.8.0_66-b18), built on Nov  9 2015 10:51:13 by "java_re" with MS VC++ 10.0 (VS2010)

time: Sat Jan 14 20:21:26 2017
elapsed time: 4 seconds (0d 0h 0m 4s)

