#
# There is insufficient memory for the Java Runtime Environment to continue.
# Native memory allocation (malloc) failed to allocate 634096 bytes for Chunk::new
# Possible reasons:
#   The system is out of physical RAM or swap space
#   In 32 bit mode, the process size limit was hit
# Possible solutions:
#   Reduce memory load on the system
#   Increase physical memory or swap space
#   Check if swap backing store is full
#   Use 64 bit Java on a 64 bit OS
#   Decrease Java heap size (-Xmx/-Xms)
#   Decrease number of Java threads
#   Decrease Java thread stack sizes (-Xss)
#   Set larger code cache with -XX:ReservedCodeCacheSize=
# This output file may be truncated or incomplete.
#
#  Out of Memory Error (allocation.cpp:390), pid=56892, tid=29276
#
# JRE version: Java(TM) SE Runtime Environment (8.0_66-b18) (build 1.8.0_66-b18)
# Java VM: Java HotSpot(TM) 64-Bit Server VM (25.66-b18 mixed mode windows-amd64 compressed oops)
# Failed to write core dump. Minidumps are not enabled by default on client versions of Windows
#

---------------  T H R E A D  ---------------

Current thread (0x000000001718d800):  JavaThread "C2 CompilerThread1" daemon [_thread_in_native, id=29276, stack(0x0000000018b90000,0x0000000018c90000)]

Stack: [0x0000000018b90000,0x0000000018c90000]
[error occurred during error reporting (printing stack bounds), id 0xc0000005]

Native frames: (J=compiled Java code, j=interpreted, Vv=VM code, C=native code)


Current CompileTask:
C2:   4752 2655       4       java.io.WinNTFileSystem::normalize (231 bytes)


---------------  P R O C E S S  ---------------

Java Threads: ( => current thread )
  0x0000000018811800 JavaThread "Service Thread" daemon [_thread_blocked, id=54712, stack(0x0000000018d90000,0x0000000018e90000)]
  0x0000000018796000 JavaThread "C1 CompilerThread2" daemon [_thread_blocked, id=27236, stack(0x0000000018c90000,0x0000000018d90000)]
=>0x000000001718d800 JavaThread "C2 CompilerThread1" daemon [_thread_in_native, id=29276, stack(0x0000000018b90000,0x0000000018c90000)]
  0x000000001718a000 JavaThread "C2 CompilerThread0" daemon [_thread_in_native, id=59752, stack(0x0000000018690000,0x0000000018790000)]
  0x000000001713d800 JavaThread "Attach Listener" daemon [_thread_blocked, id=57952, stack(0x0000000018590000,0x0000000018690000)]
  0x0000000017127800 JavaThread "Signal Dispatcher" daemon [_thread_blocked, id=60232, stack(0x0000000018490000,0x0000000018590000)]
  0x00000000025e6000 JavaThread "Finalizer" daemon [_thread_blocked, id=53192, stack(0x0000000018390000,0x0000000018490000)]
  0x00000000025dd000 JavaThread "Reference Handler" daemon [_thread_blocked, id=59008, stack(0x0000000018290000,0x0000000018390000)]
  0x00000000024f0800 JavaThread "main" [_thread_in_native, id=14236, stack(0x00000000023f0000,0x00000000024f0000)]

Other Threads:
  0x00000000170f7800 VMThread [stack: 0x0000000018190000,0x0000000018290000] [id=59828]
  0x0000000018856000 WatcherThread [stack: 0x0000000018e90000,0x0000000018f90000] [id=3144]

VM state:not at safepoint (normal execution)

VM Mutex/Monitor currently owned by a thread: None

Heap:
 PSYoungGen      total 71680K, used 31680K [0x00000000d5e00000, 0x00000000da900000, 0x0000000100000000)
  eden space 66560K, 39% used [0x00000000d5e00000,0x00000000d77f2200,0x00000000d9f00000)
  from space 5120K, 99% used [0x00000000da400000,0x00000000da8fe030,0x00000000da900000)
  to   space 5120K, 0% used [0x00000000d9f00000,0x00000000d9f00000,0x00000000da400000)
 ParOldGen       total 87552K, used 6675K [0x0000000081a00000, 0x0000000086f80000, 0x00000000d5e00000)
  object space 87552K, 7% used [0x0000000081a00000,0x0000000082084ed0,0x0000000086f80000)
 Metaspace       used 14968K, capacity 15252K, committed 15488K, reserved 1062912K
  class space    used 1769K, capacity 1852K, committed 1920K, reserved 1048576K

Card table byte_map: [0x00000000119b0000,0x0000000011db0000] byte_map_base: 0x00000000115a3000

Marking Bits: (ParMarkBitMap*) 0x000000006754a5b0
 Begin Bits: [0x0000000012460000, 0x00000000143f8000)
 End Bits:   [0x00000000143f8000, 0x0000000016390000)

Polling page: 0x00000000002f0000

CodeCache: size=245760Kb used=9281Kb max_used=9281Kb free=236478Kb
 bounds [0x00000000025f0000, 0x0000000002f10000, 0x00000000115f0000]
 total_blobs=3026 nmethods=2690 adapters=248
 compilation: enabled

Compilation events (10 events):
Event: 4.721 Thread 0x0000000018796000 nmethod 2688 0x0000000002f054d0 code [0x0000000002f05660, 0x0000000002f05c08]
Event: 4.730 Thread 0x0000000018796000 2691   !   3       sun.nio.cs.StreamDecoder::forInputStreamReader (48 bytes)
Event: 4.731 Thread 0x0000000018796000 nmethod 2691 0x0000000002f05d50 code [0x0000000002f05f80, 0x0000000002f06b28]
Event: 4.731 Thread 0x0000000018796000 2694       3       org.codehaus.plexus.util.StringUtils::clean (14 bytes)
Event: 4.731 Thread 0x0000000018796000 nmethod 2694 0x0000000002f07250 code [0x0000000002f073c0, 0x0000000002f07608]
Event: 4.731 Thread 0x0000000018796000 2692       3       sun.nio.cs.StreamDecoder::<init> (23 bytes)
Event: 4.731 Thread 0x0000000018796000 nmethod 2692 0x0000000002f076d0 code [0x0000000002f07880, 0x0000000002f07ef8]
Event: 4.731 Thread 0x0000000018796000 2693       3       sun.nio.cs.StreamDecoder::<init> (64 bytes)
Event: 4.732 Thread 0x0000000018796000 nmethod 2693 0x0000000002f08150 code [0x0000000002f08300, 0x0000000002f08ad8]
Event: 4.750 Thread 0x0000000018796000 2695       3       java.io.InputStreamReader::<init> (30 bytes)

GC Heap History (8 events):
Event: 0.952 GC heap before
{Heap before GC invocations=1 (full 0):
 PSYoungGen      total 38400K, used 33280K [0x00000000d5e00000, 0x00000000d8880000, 0x0000000100000000)
  eden space 33280K, 100% used [0x00000000d5e00000,0x00000000d7e80000,0x00000000d7e80000)
  from space 5120K, 0% used [0x00000000d8380000,0x00000000d8380000,0x00000000d8880000)
  to   space 5120K, 0% used [0x00000000d7e80000,0x00000000d7e80000,0x00000000d8380000)
 ParOldGen       total 87552K, used 0K [0x0000000081a00000, 0x0000000086f80000, 0x00000000d5e00000)
  object space 87552K, 0% used [0x0000000081a00000,0x0000000081a00000,0x0000000086f80000)
 Metaspace       used 7407K, capacity 7592K, committed 7680K, reserved 1056768K
  class space    used 920K, capacity 956K, committed 1024K, reserved 1048576K
Event: 0.958 GC heap after
Heap after GC invocations=1 (full 0):
 PSYoungGen      total 38400K, used 4451K [0x00000000d5e00000, 0x00000000d8880000, 0x0000000100000000)
  eden space 33280K, 0% used [0x00000000d5e00000,0x00000000d5e00000,0x00000000d7e80000)
  from space 5120K, 86% used [0x00000000d7e80000,0x00000000d82d8c58,0x00000000d8380000)
  to   space 5120K, 0% used [0x00000000d8380000,0x00000000d8380000,0x00000000d8880000)
 ParOldGen       total 87552K, used 16K [0x0000000081a00000, 0x0000000086f80000, 0x00000000d5e00000)
  object space 87552K, 0% used [0x0000000081a00000,0x0000000081a04000,0x0000000086f80000)
 Metaspace       used 7407K, capacity 7592K, committed 7680K, reserved 1056768K
  class space    used 920K, capacity 956K, committed 1024K, reserved 1048576K
}
Event: 1.653 GC heap before
{Heap before GC invocations=2 (full 0):
 PSYoungGen      total 38400K, used 37731K [0x00000000d5e00000, 0x00000000d8880000, 0x0000000100000000)
  eden space 33280K, 100% used [0x00000000d5e00000,0x00000000d7e80000,0x00000000d7e80000)
  from space 5120K, 86% used [0x00000000d7e80000,0x00000000d82d8c58,0x00000000d8380000)
  to   space 5120K, 0% used [0x00000000d8380000,0x00000000d8380000,0x00000000d8880000)
 ParOldGen       total 87552K, used 16K [0x0000000081a00000, 0x0000000086f80000, 0x00000000d5e00000)
  object space 87552K, 0% used [0x0000000081a00000,0x0000000081a04000,0x0000000086f80000)
 Metaspace       used 11490K, capacity 11674K, committed 11904K, reserved 1058816K
  class space    used 1446K, capacity 1545K, committed 1664K, reserved 1048576K
Event: 1.663 GC heap after
Heap after GC invocations=2 (full 0):
 PSYoungGen      total 38400K, used 5109K [0x00000000d5e00000, 0x00000000d8880000, 0x0000000100000000)
  eden space 33280K, 0% used [0x00000000d5e00000,0x00000000d5e00000,0x00000000d7e80000)
  from space 5120K, 99% used [0x00000000d8380000,0x00000000d887d6d0,0x00000000d8880000)
  to   space 5120K, 0% used [0x00000000d7e80000,0x00000000d7e80000,0x00000000d8380000)
 ParOldGen       total 87552K, used 2187K [0x0000000081a00000, 0x0000000086f80000, 0x00000000d5e00000)
  object space 87552K, 2% used [0x0000000081a00000,0x0000000081c22c08,0x0000000086f80000)
 Metaspace       used 11490K, capacity 11674K, committed 11904K, reserved 1058816K
  class space    used 1446K, capacity 1545K, committed 1664K, reserved 1048576K
}
Event: 2.834 GC heap before
{Heap before GC invocations=3 (full 0):
 PSYoungGen      total 38400K, used 38389K [0x00000000d5e00000, 0x00000000d8880000, 0x0000000100000000)
  eden space 33280K, 100% used [0x00000000d5e00000,0x00000000d7e80000,0x00000000d7e80000)
  from space 5120K, 99% used [0x00000000d8380000,0x00000000d887d6d0,0x00000000d8880000)
  to   space 5120K, 0% used [0x00000000d7e80000,0x00000000d7e80000,0x00000000d8380000)
 ParOldGen       total 87552K, used 2187K [0x0000000081a00000, 0x0000000086f80000, 0x00000000d5e00000)
  object space 87552K, 2% used [0x0000000081a00000,0x0000000081c22c08,0x0000000086f80000)
 Metaspace       used 13706K, capacity 13970K, committed 14080K, reserved 1060864K
  class space    used 1664K, capacity 1773K, committed 1792K, reserved 1048576K
Event: 2.847 GC heap after
Heap after GC invocations=3 (full 0):
 PSYoungGen      total 38400K, used 5112K [0x00000000d5e00000, 0x00000000da900000, 0x0000000100000000)
  eden space 33280K, 0% used [0x00000000d5e00000,0x00000000d5e00000,0x00000000d7e80000)
  from space 5120K, 99% used [0x00000000d7e80000,0x00000000d837e030,0x00000000d8380000)
  to   space 5120K, 0% used [0x00000000da400000,0x00000000da400000,0x00000000da900000)
 ParOldGen       total 87552K, used 4556K [0x0000000081a00000, 0x0000000086f80000, 0x00000000d5e00000)
  object space 87552K, 5% used [0x0000000081a00000,0x0000000081e73148,0x0000000086f80000)
 Metaspace       used 13706K, capacity 13970K, committed 14080K, reserved 1060864K
  class space    used 1664K, capacity 1773K, committed 1792K, reserved 1048576K
}
Event: 3.940 GC heap before
{Heap before GC invocations=4 (full 0):
 PSYoungGen      total 38400K, used 38392K [0x00000000d5e00000, 0x00000000da900000, 0x0000000100000000)
  eden space 33280K, 100% used [0x00000000d5e00000,0x00000000d7e80000,0x00000000d7e80000)
  from space 5120K, 99% used [0x00000000d7e80000,0x00000000d837e030,0x00000000d8380000)
  to   space 5120K, 0% used [0x00000000da400000,0x00000000da400000,0x00000000da900000)
 ParOldGen       total 87552K, used 4556K [0x0000000081a00000, 0x0000000086f80000, 0x00000000d5e00000)
  object space 87552K, 5% used [0x0000000081a00000,0x0000000081e73148,0x0000000086f80000)
 Metaspace       used 14124K, capacity 14384K, committed 14592K, reserved 1062912K
  class space    used 1684K, capacity 1778K, committed 1792K, reserved 1048576K
Event: 3.957 GC heap after
Heap after GC invocations=4 (full 0):
 PSYoungGen      total 71680K, used 5112K [0x00000000d5e00000, 0x00000000da900000, 0x0000000100000000)
  eden space 66560K, 0% used [0x00000000d5e00000,0x00000000d5e00000,0x00000000d9f00000)
  from space 5120K, 99% used [0x00000000da400000,0x00000000da8fe030,0x00000000da900000)
  to   space 5120K, 0% used [0x00000000d9f00000,0x00000000d9f00000,0x00000000da400000)
 ParOldGen       total 87552K, used 6675K [0x0000000081a00000, 0x0000000086f80000, 0x00000000d5e00000)
  object space 87552K, 7% used [0x0000000081a00000,0x0000000082084ed0,0x0000000086f80000)
 Metaspace       used 14124K, capacity 14384K, committed 14592K, reserved 1062912K
  class space    used 1684K, capacity 1778K, committed 1792K, reserved 1048576K
}

Deoptimization events (10 events):
Event: 3.701 Thread 0x00000000024f0800 Uncommon trap: reason=bimorphic action=maybe_recompile pc=0x0000000002d1d700 method=java.util.concurrent.ConcurrentHashMap.get(Ljava/lang/Object;)Ljava/lang/Object; @ 149
Event: 3.709 Thread 0x00000000024f0800 Uncommon trap: reason=bimorphic action=maybe_recompile pc=0x0000000002d1d700 method=java.util.concurrent.ConcurrentHashMap.get(Ljava/lang/Object;)Ljava/lang/Object; @ 149
Event: 3.804 Thread 0x00000000024f0800 Uncommon trap: reason=speculate_class_check action=maybe_recompile pc=0x0000000002cfd958 method=java.nio.charset.CharsetDecoder.decode(Ljava/nio/ByteBuffer;Ljava/nio/CharBuffer;Z)Ljava/nio/charset/CoderResult; @ 57
Event: 3.805 Thread 0x00000000024f0800 Uncommon trap: reason=speculate_class_check action=maybe_recompile pc=0x0000000002cfd958 method=java.nio.charset.CharsetDecoder.decode(Ljava/nio/ByteBuffer;Ljava/nio/CharBuffer;Z)Ljava/nio/charset/CoderResult; @ 57
Event: 3.806 Thread 0x00000000024f0800 Uncommon trap: reason=speculate_class_check action=maybe_recompile pc=0x0000000002cfd958 method=java.nio.charset.CharsetDecoder.decode(Ljava/nio/ByteBuffer;Ljava/nio/CharBuffer;Z)Ljava/nio/charset/CoderResult; @ 57
Event: 3.806 Thread 0x00000000024f0800 Uncommon trap: reason=speculate_class_check action=maybe_recompile pc=0x0000000002cfd958 method=java.nio.charset.CharsetDecoder.decode(Ljava/nio/ByteBuffer;Ljava/nio/CharBuffer;Z)Ljava/nio/charset/CoderResult; @ 57
Event: 4.202 Thread 0x00000000024f0800 Uncommon trap: reason=bimorphic action=maybe_recompile pc=0x0000000002d1d700 method=java.util.concurrent.ConcurrentHashMap.get(Ljava/lang/Object;)Ljava/lang/Object; @ 149
Event: 4.437 Thread 0x00000000024f0800 Uncommon trap: reason=unstable_if action=reinterpret pc=0x0000000002bf2b78 method=org.eclipse.sisu.inject.RankedBindings$Itr.hasNext()Z @ 85
Event: 4.480 Thread 0x00000000024f0800 Uncommon trap: reason=unstable_if action=reinterpret pc=0x0000000002d7a640 method=java.util.ArrayList.remove(Ljava/lang/Object;)Z @ 46
Event: 4.711 Thread 0x00000000024f0800 Uncommon trap: reason=bimorphic action=maybe_recompile pc=0x0000000002d1d700 method=java.util.concurrent.ConcurrentHashMap.get(Ljava/lang/Object;)Ljava/lang/Object; @ 149

Internal exceptions (10 events):
Event: 0.939 Thread 0x00000000024f0800 Exception <a 'java/lang/ArrayIndexOutOfBoundsException'> (0x00000000d7e42b08) thrown at [C:\re\workspace\8-2-build-windows-amd64-cygwin\jdk8u66\5298\hotspot\src\share\vm\runtime\sharedRuntime.cpp, line 605]
Event: 0.940 Thread 0x00000000024f0800 Exception <a 'java/lang/ArrayIndexOutOfBoundsException'> (0x00000000d7e444b0) thrown at [C:\re\workspace\8-2-build-windows-amd64-cygwin\jdk8u66\5298\hotspot\src\share\vm\runtime\sharedRuntime.cpp, line 605]
Event: 0.986 Thread 0x00000000024f0800 Exception <a 'java/lang/ArrayIndexOutOfBoundsException'> (0x00000000d5f83628) thrown at [C:\re\workspace\8-2-build-windows-amd64-cygwin\jdk8u66\5298\hotspot\src\share\vm\runtime\sharedRuntime.cpp, line 605]
Event: 0.994 Thread 0x00000000024f0800 Exception <a 'java/lang/ArrayIndexOutOfBoundsException'> (0x00000000d5fd17e0) thrown at [C:\re\workspace\8-2-build-windows-amd64-cygwin\jdk8u66\5298\hotspot\src\share\vm\runtime\sharedRuntime.cpp, line 605]
Event: 0.994 Thread 0x00000000024f0800 Exception <a 'java/lang/ArrayIndexOutOfBoundsException'> (0x00000000d5fd25e8) thrown at [C:\re\workspace\8-2-build-windows-amd64-cygwin\jdk8u66\5298\hotspot\src\share\vm\runtime\sharedRuntime.cpp, line 605]
Event: 2.195 Thread 0x00000000024f0800 Implicit null exception at 0x000000000296ed55 to 0x000000000296ef25
Event: 2.195 Thread 0x00000000024f0800 Implicit null exception at 0x000000000296d62f to 0x000000000296d699
Event: 2.213 Thread 0x00000000024f0800 Implicit null exception at 0x0000000002b57158 to 0x0000000002b583dd
Event: 2.319 Thread 0x00000000024f0800 Implicit null exception at 0x0000000002b52923 to 0x0000000002b5318d
Event: 2.319 Thread 0x00000000024f0800 Implicit null exception at 0x000000000293b0fb to 0x000000000293b79d

Events (10 events):
Event: 4.536 loading class org/apache/maven/artifact/resolver/filter/CumulativeScopeArtifactFilter done
Event: 4.536 loading class org/apache/maven/artifact/resolver/filter/AbstractScopeArtifactFilter
Event: 4.536 loading class org/apache/maven/artifact/resolver/filter/AbstractScopeArtifactFilter done
Event: 4.669 Thread 0x00000000024f0800 DEOPT PACKING pc=0x000000000272597d sp=0x00000000024ecf80
Event: 4.669 Thread 0x00000000024f0800 DEOPT UNPACKING pc=0x000000000263787f sp=0x00000000024ecd38 mode 0
Event: 4.695 Executing VM operation: BulkRevokeBias
Event: 4.696 Executing VM operation: BulkRevokeBias done
Event: 4.711 Thread 0x00000000024f0800 Uncommon trap: trap_request=0xffffffc6 fr.pc=0x0000000002d1d700
Event: 4.711 Thread 0x00000000024f0800 DEOPT PACKING pc=0x0000000002d1d700 sp=0x00000000024ed1e0
Event: 4.711 Thread 0x00000000024f0800 DEOPT UNPACKING pc=0x000000000263582a sp=0x00000000024ed158 mode 2


Dynamic libraries:
0x00007ff7424f0000 - 0x00007ff742527000 	C:\Program Files\Java\jdk1.8.0_66\bin\javaw.exe
0x00007ffdfdd30000 - 0x00007ffdfdef2000 	C:\WINDOWS\SYSTEM32\ntdll.dll
0x00007ffdfbbd0000 - 0x00007ffdfbc7d000 	C:\WINDOWS\system32\KERNEL32.DLL
0x00007ffdfb220000 - 0x00007ffdfb3fd000 	C:\WINDOWS\system32\KERNELBASE.dll
0x00007ffdfbde0000 - 0x00007ffdfbe86000 	C:\WINDOWS\system32\ADVAPI32.dll
0x00007ffdfbb20000 - 0x00007ffdfbbbd000 	C:\WINDOWS\system32\msvcrt.dll
0x00007ffdfbac0000 - 0x00007ffdfbb1b000 	C:\WINDOWS\system32\sechost.dll
0x00007ffdfc3a0000 - 0x00007ffdfc4c6000 	C:\WINDOWS\system32\RPCRT4.dll
0x00007ffdfbe90000 - 0x00007ffdfbfde000 	C:\WINDOWS\system32\USER32.dll
0x00007ffdfb8d0000 - 0x00007ffdfba55000 	C:\WINDOWS\system32\GDI32.dll
0x00007ffdf6930000 - 0x00007ffdf6ba4000 	C:\WINDOWS\WinSxS\amd64_microsoft.windows.common-controls_6595b64144ccf1df_6.0.10240.16384_none_f41f7b285750ef43\COMCTL32.dll
0x00007ffdfdba0000 - 0x00007ffdfdbd6000 	C:\WINDOWS\system32\IMM32.DLL
0x00007ffdfbc80000 - 0x00007ffdfbddc000 	C:\WINDOWS\system32\MSCTF.dll
0x00000000675d0000 - 0x00000000676a2000 	C:\Program Files\Java\jdk1.8.0_66\jre\bin\msvcr100.dll
0x0000000066d40000 - 0x00000000675c9000 	C:\Program Files\Java\jdk1.8.0_66\jre\bin\server\jvm.dll
0x00007ffdfb8c0000 - 0x00007ffdfb8c8000 	C:\WINDOWS\system32\PSAPI.DLL
0x00007ffdf7e90000 - 0x00007ffdf7e99000 	C:\WINDOWS\SYSTEM32\WSOCK32.dll
0x00007ffdfbfe0000 - 0x00007ffdfc049000 	C:\WINDOWS\system32\WS2_32.dll
0x00007ffdfbbc0000 - 0x00007ffdfbbc8000 	C:\WINDOWS\system32\NSI.dll
0x00007ffdf6be0000 - 0x00007ffdf6c03000 	C:\WINDOWS\SYSTEM32\WINMM.dll
0x00007ffdf7090000 - 0x00007ffdf709a000 	C:\WINDOWS\SYSTEM32\VERSION.dll
0x00007ffdf6900000 - 0x00007ffdf692c000 	C:\WINDOWS\SYSTEM32\WINMMBASE.dll
0x00007ffdfa800000 - 0x00007ffdfa844000 	C:\WINDOWS\system32\cfgmgr32.dll
0x00007ffdf90a0000 - 0x00007ffdf90c7000 	C:\WINDOWS\SYSTEM32\DEVOBJ.dll
0x0000000066d30000 - 0x0000000066d3f000 	C:\Program Files\Java\jdk1.8.0_66\jre\bin\verify.dll
0x0000000066d00000 - 0x0000000066d29000 	C:\Program Files\Java\jdk1.8.0_66\jre\bin\java.dll
0x0000000066ce0000 - 0x0000000066cf6000 	C:\Program Files\Java\jdk1.8.0_66\jre\bin\zip.dll
0x00007ffdfc5b0000 - 0x00007ffdfdad5000 	C:\WINDOWS\system32\SHELL32.dll
0x00007ffdfabf0000 - 0x00007ffdfb218000 	C:\WINDOWS\system32\windows.storage.dll
0x00007ffdfc050000 - 0x00007ffdfc2cc000 	C:\WINDOWS\system32\combase.dll
0x00007ffdfba60000 - 0x00007ffdfbab1000 	C:\WINDOWS\system32\shlwapi.dll
0x00007ffdfa780000 - 0x00007ffdfa78f000 	C:\WINDOWS\system32\kernel.appcore.dll
0x00007ffdfaad0000 - 0x00007ffdfab83000 	C:\WINDOWS\system32\shcore.dll
0x00007ffdfa790000 - 0x00007ffdfa7da000 	C:\WINDOWS\system32\powrprof.dll
0x00007ffdfa7e0000 - 0x00007ffdfa7f3000 	C:\WINDOWS\system32\profapi.dll
0x0000000066cc0000 - 0x0000000066cda000 	C:\Program Files\Java\jdk1.8.0_66\jre\bin\net.dll
0x00007ffdf9fa0000 - 0x00007ffdf9ffd000 	C:\WINDOWS\system32\mswsock.dll
0x0000000066ca0000 - 0x0000000066cb1000 	C:\Program Files\Java\jdk1.8.0_66\jre\bin\nio.dll

VM Arguments:
jvm_args: -Dmaven.home=EMBEDDED -Dclassworlds.conf=F:\BaiduYunDownload\workspace2\.metadata\.plugins\org.eclipse.m2e.launching\launches\m2conf5821458611059567074.tmp -Dfile.encoding=UTF-8 
java_command: org.codehaus.plexus.classworlds.launcher.Launcher -B tomcat7:redeploy -DskipTests
java_class_path (initial): /C:/Users/LONG/Desktop/eclipse/plugins/org.eclipse.m2e.maven.runtime_1.5.1.20150109-1819/jars/plexus-classworlds-2.5.1.jar
Launcher Type: SUN_STANDARD

Environment Variables:
JAVA_HOME=C:\Program Files\Java\jdk1.8.0_66
PATH=C:/Program Files/Java/jre1.8.0_111/bin/server;C:/Program Files/Java/jre1.8.0_111/bin;C:/Program Files/Java/jre1.8.0_111/lib/amd64;C:\ProgramData\Oracle\Java\javapath;C:\WINDOWS\system32;C:\WINDOWS;C:\WINDOWS\System32\Wbem;C:\WINDOWS\System32\WindowsPowerShell\v1.0\;C:\Program Files\jdk1.8.0_66\bin;C:\Windows.old\Program Files\MacType;C:\nodejs;G:\SDK\tools;G:\SDK\platform-tools;C:\Program Files (x86)\NVIDIA Corporation\PhysX\Common;C:\Program Files\Git\cmd;C:\Program Files\VanDyke Software\Clients\;C:\Program Files (x86)\Microsoft VS Code\bin;C:\Users\LONG\AppData\Roaming\npm;C:\Windows.old\Users\LONG\AppData\Local\atom\bin;C:\Users\LONG\Desktop\eclipse;
USERNAME=LONG
OS=Windows_NT
PROCESSOR_IDENTIFIER=Intel64 Family 6 Model 60 Stepping 3, GenuineIntel



---------------  S Y S T E M  ---------------

OS: Windows 10.0 , 64 bit Build 10240 (10.0.10240.16384)

CPU:total 4 (2 cores per cpu, 2 threads per core) family 6 model 60 stepping 3, cmov, cx8, fxsr, mmx, sse, sse2, sse3, ssse3, sse4.1, sse4.2, popcnt, avx, avx2, aes, clmul, erms, lzcnt, ht, tsc, tscinvbit, bmi1, bmi2

Memory: 4k page, physical 8277272k(683912k free), swap 12342592k(5128k free)

vm_info: Java HotSpot(TM) 64-Bit Server VM (25.66-b18) for windows-amd64 JRE (1.8.0_66-b18), built on Nov  9 2015 10:51:13 by "java_re" with MS VC++ 10.0 (VS2010)

time: Sat Jan 14 23:43:42 2017
elapsed time: 4 seconds (0d 0h 0m 4s)

